<?xml version="1.0" encoding="UTF-8"?>
<coverage generated="1648122011486" clover="3.2.0">
  <project timestamp="1648122011486" name="All files">
    <metrics statements="372" coveredstatements="310" conditionals="299" coveredconditionals="174" methods="74" coveredmethods="66" elements="745" coveredelements="550" complexity="0" loc="372" ncloc="372" packages="2" files="8" classes="8"/>
    <package name="src">
      <metrics statements="371" coveredstatements="309" conditionals="299" coveredconditionals="174" methods="74" coveredmethods="66"/>
      <file name="constants.ts" path="/Users/azandrewsidoine/Workspace/code-testing/js/libs/azlabs/js-datetime/src/constants.ts">
        <metrics statements="11" coveredstatements="11" conditionals="0" coveredconditionals="0" methods="0" coveredmethods="0"/>
        <line num="2" count="4" type="stmt"/>
        <line num="4" count="4" type="stmt"/>
        <line num="6" count="4" type="stmt"/>
        <line num="8" count="4" type="stmt"/>
        <line num="10" count="4" type="stmt"/>
        <line num="13" count="4" type="stmt"/>
        <line num="29" count="4" type="stmt"/>
        <line num="68" count="4" type="stmt"/>
        <line num="74" count="4" type="stmt"/>
        <line num="75" count="4" type="stmt"/>
        <line num="76" count="4" type="stmt"/>
      </file>
      <file name="date-from-format.ts" path="/Users/azandrewsidoine/Workspace/code-testing/js/libs/azlabs/js-datetime/src/date-from-format.ts">
        <metrics statements="53" coveredstatements="52" conditionals="66" coveredconditionals="54" methods="2" coveredmethods="2"/>
        <line num="1" count="3" type="stmt"/>
        <line num="4" count="3" type="stmt"/>
        <line num="48" count="3" type="stmt"/>
        <line num="49" count="3" type="stmt"/>
        <line num="50" count="3" type="stmt"/>
        <line num="51" count="3" type="stmt"/>
        <line num="53" count="3" type="stmt"/>
        <line num="56" count="5" type="stmt"/>
        <line num="57" count="5" type="stmt"/>
        <line num="58" count="5" type="cond" truecount="2" falsecount="0"/>
        <line num="59" count="5" type="cond" truecount="2" falsecount="0"/>
        <line num="60" count="3" type="stmt"/>
        <line num="61" count="3" type="stmt"/>
        <line num="65" count="3" type="stmt"/>
        <line num="70" count="2" type="stmt"/>
        <line num="72" count="5" type="cond" truecount="1" falsecount="1"/>
        <line num="75" count="5" type="cond" truecount="0" falsecount="1"/>
        <line num="76" count="0" type="stmt"/>
        <line num="78" count="5" type="cond" truecount="1" falsecount="0"/>
        <line num="79" count="5" type="stmt"/>
        <line num="80" count="5" type="cond" truecount="3" falsecount="3"/>
        <line num="83" count="5" type="stmt"/>
        <line num="84" count="5" type="cond" truecount="3" falsecount="0"/>
        <line num="85" count="1" type="stmt"/>
        <line num="88" count="4" type="cond" truecount="1" falsecount="0"/>
        <line num="89" count="3" type="cond" truecount="3" falsecount="1"/>
        <line num="92" count="4" type="stmt"/>
        <line num="93" count="4" type="cond" truecount="1" falsecount="0"/>
        <line num="94" count="3" type="cond" truecount="2" falsecount="0"/>
        <line num="96" count="3" type="cond" truecount="2" falsecount="0"/>
        <line num="100" count="3" type="cond" truecount="2" falsecount="0"/>
        <line num="101" count="3" type="stmt"/>
        <line num="104" count="4" type="stmt"/>
        <line num="113" count="4" type="stmt"/>
        <line num="117" count="8" type="stmt"/>
        <line num="118" count="8" type="stmt"/>
        <line num="119" count="8" type="stmt"/>
        <line num="120" count="8" type="stmt"/>
        <line num="121" count="8" type="stmt"/>
        <line num="122" count="24" type="stmt"/>
        <line num="123" count="24" type="stmt"/>
        <line num="124" count="24" type="cond" truecount="1" falsecount="0"/>
        <line num="125" count="24" type="cond" truecount="2" falsecount="0"/>
        <line num="127" count="24" type="stmt"/>
        <line num="129" count="8" type="stmt"/>
        <line num="130" count="8" type="cond" truecount="3" falsecount="0"/>
        <line num="131" count="1" type="stmt"/>
        <line num="133" count="7" type="stmt"/>
        <line num="134" count="7" type="stmt"/>
        <line num="135" count="21" type="stmt"/>
        <line num="136" count="21" type="cond" truecount="1" falsecount="0"/>
        <line num="137" count="21" type="stmt"/>
        <line num="140" count="7" type="stmt"/>
      </file>
      <file name="index.ts" path="/Users/azandrewsidoine/Workspace/code-testing/js/libs/azlabs/js-datetime/src/index.ts">
        <metrics statements="3" coveredstatements="3" conditionals="0" coveredconditionals="0" methods="4" coveredmethods="4"/>
        <line num="1" count="5" type="stmt"/>
        <line num="2" count="87" type="stmt"/>
        <line num="3" count="4" type="stmt"/>
      </file>
      <file name="js-date.ts" path="/Users/azandrewsidoine/Workspace/code-testing/js/libs/azlabs/js-datetime/src/js-date.ts">
        <metrics statements="152" coveredstatements="130" conditionals="110" coveredconditionals="51" methods="41" coveredmethods="37"/>
        <line num="1" count="3" type="stmt"/>
        <line num="9" count="3" type="stmt"/>
        <line num="10" count="3" type="stmt"/>
        <line num="25" count="3" type="stmt"/>
        <line num="26" count="3" type="stmt"/>
        <line num="33" count="3" type="stmt"/>
        <line num="34" count="1" type="cond" truecount="1" falsecount="0"/>
        <line num="35" count="1" type="stmt"/>
        <line num="37" count="1" type="stmt"/>
        <line num="49" count="3" type="stmt"/>
        <line num="51" count="133" type="stmt"/>
        <line num="52" count="103" type="cond" truecount="4" falsecount="0"/>
        <line num="60" count="133" type="cond" truecount="2" falsecount="0"/>
        <line num="73" count="3" type="stmt"/>
        <line num="76" count="12" type="cond" truecount="1" falsecount="0"/>
        <line num="78" count="6" type="stmt"/>
        <line num="84" count="6" type="stmt"/>
        <line num="95" count="3" type="stmt"/>
        <line num="98" count="14" type="cond" truecount="1" falsecount="0"/>
        <line num="100" count="7" type="stmt"/>
        <line num="101" count="7" type="stmt"/>
        <line num="109" count="3" type="stmt"/>
        <line num="110" count="4" type="stmt"/>
        <line num="117" count="3" type="stmt"/>
        <line num="118" count="2" type="stmt"/>
        <line num="126" count="3" type="stmt"/>
        <line num="127" count="8" type="stmt"/>
        <line num="128" count="8" type="stmt"/>
        <line num="129" count="8" type="stmt"/>
        <line num="138" count="3" type="stmt"/>
        <line num="139" count="10" type="stmt"/>
        <line num="140" count="10" type="stmt"/>
        <line num="141" count="10" type="stmt"/>
        <line num="149" count="3" type="stmt"/>
        <line num="150" count="1" type="stmt"/>
        <line num="157" count="3" type="stmt"/>
        <line num="158" count="2" type="stmt"/>
        <line num="159" count="2" type="stmt"/>
        <line num="160" count="2" type="stmt"/>
        <line num="166" count="0" type="stmt"/>
        <line num="175" count="3" type="stmt"/>
        <line num="176" count="1" type="stmt"/>
        <line num="183" count="3" type="stmt"/>
        <line num="184" count="1" type="stmt"/>
        <line num="191" count="3" type="stmt"/>
        <line num="192" count="1" type="stmt"/>
        <line num="199" count="3" type="stmt"/>
        <line num="200" count="1" type="stmt"/>
        <line num="207" count="3" type="stmt"/>
        <line num="208" count="1" type="stmt"/>
        <line num="215" count="3" type="stmt"/>
        <line num="216" count="1" type="stmt"/>
        <line num="223" count="3" type="stmt"/>
        <line num="224" count="1" type="stmt"/>
        <line num="231" count="3" type="stmt"/>
        <line num="232" count="0" type="stmt"/>
        <line num="241" count="3" type="stmt"/>
        <line num="244" count="8" type="cond" truecount="1" falsecount="0"/>
        <line num="246" count="7" type="stmt"/>
        <line num="247" count="7" type="stmt"/>
        <line num="248" count="7" type="cond" truecount="8" falsecount="17"/>
        <line num="252" count="1" type="stmt"/>
        <line num="256" count="1" type="stmt"/>
        <line num="260" count="0" type="stmt"/>
        <line num="264" count="1" type="stmt"/>
        <line num="268" count="1" type="stmt"/>
        <line num="272" count="1" type="stmt"/>
        <line num="276" count="1" type="stmt"/>
        <line num="280" count="1" type="stmt"/>
        <line num="282" count="0" type="stmt"/>
        <line num="289" count="11" type="stmt"/>
        <line num="294" count="3" type="stmt"/>
        <line num="296" count="9" type="cond" truecount="1" falsecount="0"/>
        <line num="298" count="7" type="cond" truecount="1" falsecount="0"/>
        <line num="299" count="1" type="stmt"/>
        <line num="304" count="6" type="cond" truecount="1" falsecount="0"/>
        <line num="305" count="5" type="stmt"/>
        <line num="310" count="1" type="stmt"/>
        <line num="319" count="3" type="stmt"/>
        <line num="320" count="3" type="stmt"/>
        <line num="325" count="3" type="stmt"/>
        <line num="326" count="0" type="stmt"/>
        <line num="327" count="0" type="cond" truecount="0" falsecount="2"/>
        <line num="331" count="0" type="stmt"/>
        <line num="332" count="0" type="cond" truecount="0" falsecount="1"/>
        <line num="336" count="0" type="stmt"/>
        <line num="338" count="0" type="stmt"/>
        <line num="341" count="3" type="stmt"/>
        <line num="342" count="0" type="stmt"/>
        <line num="343" count="0" type="cond" truecount="0" falsecount="3"/>
        <line num="344" count="0" type="stmt"/>
        <line num="346" count="0" type="stmt"/>
        <line num="347" count="0" type="stmt"/>
        <line num="348" count="0" type="stmt"/>
        <line num="349" count="0" type="stmt"/>
        <line num="350" count="0" type="stmt"/>
        <line num="351" count="0" type="stmt"/>
        <line num="354" count="3" type="stmt"/>
        <line num="355" count="0" type="stmt"/>
        <line num="358" count="3" type="stmt"/>
        <line num="359" count="1" type="stmt"/>
        <line num="364" count="12" type="stmt"/>
        <line num="365" count="11" type="cond" truecount="1" falsecount="0"/>
        <line num="366" count="6" type="stmt"/>
        <line num="367" count="6" type="stmt"/>
        <line num="368" count="6" type="stmt"/>
        <line num="369" count="6" type="stmt"/>
        <line num="371" count="6" type="stmt"/>
        <line num="374" count="6" type="stmt"/>
        <line num="376" count="1" type="stmt"/>
        <line num="380" count="1" type="stmt"/>
        <line num="385" count="1" type="stmt"/>
        <line num="390" count="1" type="stmt"/>
        <line num="395" count="1" type="stmt"/>
        <line num="400" count="1" type="stmt"/>
        <line num="405" count="1" type="stmt"/>
        <line num="409" count="6" type="stmt"/>
        <line num="410" count="6" type="stmt"/>
        <line num="417" count="3" type="stmt"/>
        <line num="421" count="20" type="cond" truecount="1" falsecount="0"/>
        <line num="423" count="13" type="cond" truecount="8" falsecount="17"/>
        <line num="427" count="1" type="cond" truecount="1" falsecount="1"/>
        <line num="430" count="1" type="stmt"/>
        <line num="434" count="1" type="cond" truecount="1" falsecount="1"/>
        <line num="437" count="1" type="stmt"/>
        <line num="441" count="6" type="cond" truecount="2" falsecount="0"/>
        <line num="444" count="6" type="stmt"/>
        <line num="448" count="1" type="cond" truecount="1" falsecount="1"/>
        <line num="451" count="1" type="stmt"/>
        <line num="455" count="1" type="cond" truecount="1" falsecount="1"/>
        <line num="458" count="1" type="stmt"/>
        <line num="462" count="1" type="cond" truecount="1" falsecount="1"/>
        <line num="465" count="1" type="stmt"/>
        <line num="469" count="1" type="cond" truecount="1" falsecount="1"/>
        <line num="472" count="1" type="stmt"/>
        <line num="476" count="1" type="cond" truecount="1" falsecount="1"/>
        <line num="479" count="1" type="stmt"/>
        <line num="481" count="0" type="cond" truecount="0" falsecount="2"/>
        <line num="484" count="0" type="stmt"/>
        <line num="486" count="13" type="stmt"/>
        <line num="489" count="3" type="stmt"/>
        <line num="492" count="12" type="cond" truecount="1" falsecount="0"/>
        <line num="493" count="8" type="stmt"/>
        <line num="495" count="3" type="stmt"/>
        <line num="497" count="1" type="stmt"/>
        <line num="498" count="1" type="stmt"/>
        <line num="499" count="1" type="stmt"/>
        <line num="502" count="3" type="stmt"/>
        <line num="503" count="30" type="cond" truecount="1" falsecount="0"/>
        <line num="504" count="25" type="stmt"/>
        <line num="506" count="5" type="stmt"/>
        <line num="508" count="3" type="stmt"/>
      </file>
      <file name="months.ts" path="/Users/azandrewsidoine/Workspace/code-testing/js/libs/azlabs/js-datetime/src/months.ts">
        <metrics statements="4" coveredstatements="4" conditionals="3" coveredconditionals="2" methods="2" coveredmethods="2"/>
        <line num="1" count="3" type="stmt"/>
        <line num="11" count="3" type="cond" truecount="0" falsecount="1"/>
        <line num="12" count="24" type="stmt"/>
        <line num="13" count="2" type="cond" truecount="2" falsecount="0"/>
      </file>
      <file name="parse-iso.ts" path="/Users/azandrewsidoine/Workspace/code-testing/js/libs/azlabs/js-datetime/src/parse-iso.ts">
        <metrics statements="114" coveredstatements="86" conditionals="99" coveredconditionals="54" methods="17" coveredmethods="13"/>
        <line num="1" count="4" type="stmt"/>
        <line num="12" count="4" type="stmt"/>
        <line num="13" count="0" type="cond" truecount="0" falsecount="1"/>
        <line num="19" count="0" type="stmt"/>
        <line num="21" count="0" type="stmt"/>
        <line num="22" count="0" type="cond" truecount="0" falsecount="1"/>
        <line num="23" count="0" type="stmt"/>
        <line num="25" count="0" type="cond" truecount="0" falsecount="2"/>
        <line num="28" count="4" type="stmt"/>
        <line num="29" count="0" type="stmt"/>
        <line num="60" count="4" type="stmt"/>
        <line num="61" count="26" type="cond" truecount="2" falsecount="0"/>
        <line num="64" count="26" type="cond" truecount="1" falsecount="1"/>
        <line num="65" count="26" type="cond" truecount="0" falsecount="1"/>
        <line num="70" count="0" type="stmt"/>
        <line num="73" count="26" type="cond" truecount="0" falsecount="1"/>
        <line num="79" count="0" type="stmt"/>
        <line num="82" count="26" type="stmt"/>
        <line num="84" count="26" type="cond" truecount="1" falsecount="0"/>
        <line num="85" count="24" type="stmt"/>
        <line num="86" count="24" type="stmt"/>
        <line num="89" count="26" type="cond" truecount="3" falsecount="0"/>
        <line num="90" count="2" type="stmt"/>
        <line num="93" count="24" type="stmt"/>
        <line num="94" count="24" type="stmt"/>
        <line num="97" count="24" type="cond" truecount="1" falsecount="0"/>
        <line num="98" count="24" type="stmt"/>
        <line num="99" count="24" type="cond" truecount="0" falsecount="1"/>
        <line num="100" count="0" type="stmt"/>
        <line num="104" count="24" type="cond" truecount="2" falsecount="0"/>
        <line num="105" count="14" type="stmt"/>
        <line num="106" count="14" type="cond" truecount="0" falsecount="1"/>
        <line num="107" count="0" type="stmt"/>
        <line num="110" count="10" type="stmt"/>
        <line num="116" count="10" type="stmt"/>
        <line num="117" count="10" type="stmt"/>
        <line num="122" count="10" type="stmt"/>
        <line num="128" count="10" type="stmt"/>
        <line num="131" count="14" type="stmt"/>
        <line num="135" count="26" type="stmt"/>
        <line num="136" count="26" type="stmt"/>
        <line num="140" count="26" type="cond" truecount="1" falsecount="0"/>
        <line num="141" count="2" type="stmt"/>
        <line num="143" count="24" type="cond" truecount="1" falsecount="1"/>
        <line num="144" count="0" type="stmt"/>
        <line num="146" count="24" type="stmt"/>
        <line num="147" count="24" type="stmt"/>
        <line num="148" count="24" type="cond" truecount="0" falsecount="1"/>
        <line num="149" count="0" type="stmt"/>
        <line num="150" count="0" type="stmt"/>
        <line num="158" count="24" type="cond" truecount="1" falsecount="0"/>
        <line num="159" count="24" type="stmt"/>
        <line num="160" count="24" type="cond" truecount="2" falsecount="0"/>
        <line num="161" count="14" type="stmt"/>
        <line num="162" count="14" type="stmt"/>
        <line num="164" count="10" type="stmt"/>
        <line num="168" count="24" type="stmt"/>
        <line num="172" count="24" type="stmt"/>
        <line num="180" count="24" type="stmt"/>
        <line num="182" count="24" type="cond" truecount="0" falsecount="1"/>
        <line num="184" count="24" type="cond" truecount="1" falsecount="1"/>
        <line num="185" count="24" type="cond" truecount="1" falsecount="1"/>
        <line num="188" count="24" type="stmt"/>
        <line num="196" count="24" type="cond" truecount="0" falsecount="1"/>
        <line num="198" count="24" type="stmt"/>
        <line num="200" count="24" type="cond" truecount="0" falsecount="1"/>
        <line num="202" count="24" type="stmt"/>
        <line num="203" count="24" type="stmt"/>
        <line num="204" count="24" type="stmt"/>
        <line num="205" count="24" type="stmt"/>
        <line num="206" count="24" type="stmt"/>
        <line num="207" count="24" type="stmt"/>
        <line num="209" count="24" type="cond" truecount="1" falsecount="1"/>
        <line num="210" count="0" type="cond" truecount="0" falsecount="1"/>
        <line num="211" count="0" type="stmt"/>
        <line num="213" count="0" type="stmt"/>
        <line num="215" count="24" type="stmt"/>
        <line num="216" count="24" type="cond" truecount="0" falsecount="1"/>
        <line num="220" count="0" type="stmt"/>
        <line num="222" count="24" type="stmt"/>
        <line num="223" count="24" type="stmt"/>
        <line num="228" count="120" type="cond" truecount="2" falsecount="0"/>
        <line num="232" count="24" type="stmt"/>
        <line num="233" count="24" type="cond" truecount="0" falsecount="1"/>
        <line num="235" count="24" type="stmt"/>
        <line num="236" count="24" type="stmt"/>
        <line num="237" count="24" type="stmt"/>
        <line num="239" count="24" type="cond" truecount="0" falsecount="1"/>
        <line num="240" count="0" type="stmt"/>
        <line num="243" count="24" type="stmt"/>
        <line num="247" count="72" type="cond" truecount="3" falsecount="0"/>
        <line num="251" count="14" type="cond" truecount="1" falsecount="0"/>
        <line num="253" count="1" type="stmt"/>
        <line num="254" count="1" type="cond" truecount="0" falsecount="1"/>
        <line num="256" count="1" type="cond" truecount="1" falsecount="1"/>
        <line num="257" count="1" type="stmt"/>
        <line num="258" count="1" type="cond" truecount="3" falsecount="0"/>
        <line num="260" count="1" type="cond" truecount="0" falsecount="1"/>
        <line num="261" count="0" type="stmt"/>
        <line num="264" count="1" type="stmt"/>
        <line num="272" count="0" type="stmt"/>
        <line num="273" count="0" type="stmt"/>
        <line num="274" count="0" type="cond" truecount="0" falsecount="2"/>
        <line num="275" count="0" type="stmt"/>
        <line num="276" count="0" type="stmt"/>
        <line num="277" count="0" type="stmt"/>
        <line num="283" count="42" type="cond" truecount="2" falsecount="1"/>
        <line num="287" count="24" type="stmt"/>
        <line num="296" count="24" type="cond" truecount="3" falsecount="1"/>
        <line num="300" count="0" type="cond" truecount="0" falsecount="4"/>
        <line num="308" count="24" type="cond" truecount="0" falsecount="1"/>
        <line num="309" count="0" type="cond" truecount="0" falsecount="2"/>
        <line num="312" count="24" type="stmt"/>
        <line num="323" count="1" type="cond" truecount="2" falsecount="0"/>
      </file>
      <file name="timeago.ts" path="/Users/azandrewsidoine/Workspace/code-testing/js/libs/azlabs/js-datetime/src/timeago.ts">
        <metrics statements="34" coveredstatements="23" conditionals="21" coveredconditionals="13" methods="8" coveredmethods="8"/>
        <line num="1" count="3" type="stmt"/>
        <line num="18" count="3" type="stmt"/>
        <line num="45" count="3" type="stmt"/>
        <line num="46" count="2" type="stmt"/>
        <line num="47" count="2" type="stmt"/>
        <line num="48" count="2" type="stmt"/>
        <line num="49" count="2" type="stmt"/>
        <line num="50" count="2" type="cond" truecount="0" falsecount="1"/>
        <line num="51" count="0" type="stmt"/>
        <line num="53" count="2" type="stmt"/>
        <line num="54" count="2" type="cond" truecount="1" falsecount="0"/>
        <line num="55" count="2" type="stmt"/>
        <line num="57" count="0" type="stmt"/>
        <line num="58" count="0" type="cond" truecount="0" falsecount="1"/>
        <line num="59" count="0" type="stmt"/>
        <line num="61" count="0" type="stmt"/>
        <line num="62" count="0" type="cond" truecount="0" falsecount="1"/>
        <line num="63" count="0" type="stmt"/>
        <line num="65" count="0" type="stmt"/>
        <line num="66" count="0" type="cond" truecount="0" falsecount="1"/>
        <line num="67" count="0" type="stmt"/>
        <line num="69" count="0" type="stmt"/>
        <line num="72" count="3" type="stmt"/>
        <line num="77" count="2" type="stmt"/>
        <line num="78" count="2" type="cond" truecount="1" falsecount="1"/>
        <line num="88" count="3" type="stmt"/>
        <line num="90" count="2" type="cond" truecount="1" falsecount="0"/>
        <line num="99" count="1" type="stmt"/>
        <line num="100" count="1" type="cond" truecount="3" falsecount="1"/>
        <line num="101" count="3" type="stmt"/>
        <line num="110" count="3" type="stmt"/>
        <line num="111" count="3" type="cond" truecount="1" falsecount="0"/>
        <line num="112" count="2" type="stmt"/>
        <line num="113" count="2" type="stmt"/>
      </file>
    </package>
    <package name="src.lang">
      <metrics statements="1" coveredstatements="1" conditionals="0" coveredconditionals="0" methods="0" coveredmethods="0"/>
      <file name="months.ts" path="/Users/azandrewsidoine/Workspace/code-testing/js/libs/azlabs/js-datetime/src/lang/months.ts">
        <metrics statements="1" coveredstatements="1" conditionals="0" coveredconditionals="0" methods="0" coveredmethods="0"/>
        <line num="3" count="3" type="stmt"/>
      </file>
    </package>
  </project>
</coverage>
