{"/Users/azandrewsidoine/Workspace/code-testing/js/libs/azlabs/js-datetime/src/constants.ts": {"path":"/Users/azandrewsidoine/Workspace/code-testing/js/libs/azlabs/js-datetime/src/constants.ts","statementMap":{"0":{"start":{"line":2,"column":13},"end":{"line":2,"column":53}},"1":{"start":{"line":4,"column":13},"end":{"line":4,"column":48}},"2":{"start":{"line":6,"column":13},"end":{"line":6,"column":44}},"3":{"start":{"line":8,"column":13},"end":{"line":8,"column":41}},"4":{"start":{"line":10,"column":13},"end":{"line":10,"column":36}},"5":{"start":{"line":13,"column":13},"end":{"line":26,"column":2}},"6":{"start":{"line":29,"column":13},"end":{"line":66,"column":2}},"7":{"start":{"line":68,"column":13},"end":{"line":72,"column":2}},"8":{"start":{"line":74,"column":13},"end":{"line":74,"column":90}},"9":{"start":{"line":75,"column":13},"end":{"line":75,"column":102}},"10":{"start":{"line":76,"column":13},"end":{"line":76,"column":62}}},"fnMap":{},"branchMap":{},"s":{"0":4,"1":4,"2":4,"3":4,"4":4,"5":4,"6":4,"7":4,"8":4,"9":4,"10":4},"f":{},"b":{}}
,"/Users/azandrewsidoine/Workspace/code-testing/js/libs/azlabs/js-datetime/src/date-from-format.ts": {"path":"/Users/azandrewsidoine/Workspace/code-testing/js/libs/azlabs/js-datetime/src/date-from-format.ts","statementMap":{"0":{"start":{"line":1,"column":0},"end":{"line":1,"column":61}},"1":{"start":{"line":4,"column":71},"end":{"line":37,"column":2}},"2":{"start":{"line":48,"column":26},"end":{"line":48,"column":184}},"3":{"start":{"line":49,"column":26},"end":{"line":49,"column":40}},"4":{"start":{"line":50,"column":29},"end":{"line":50,"column":37}},"5":{"start":{"line":51,"column":23},"end":{"line":51,"column":49}},"6":{"start":{"line":56,"column":18},"end":{"line":56,"column":21}},"7":{"start":{"line":57,"column":26},"end":{"line":57,"column":52}},"8":{"start":{"line":58,"column":21},"end":{"line":58,"column":69}},"9":{"start":{"line":59,"column":2},"end":{"line":71,"column":null}},"10":{"start":{"line":60,"column":25},"end":{"line":60,"column":56}},"11":{"start":{"line":61,"column":4},"end":{"line":64,"column":20}},"12":{"start":{"line":65,"column":4},"end":{"line":68,"column":14}},"13":{"start":{"line":70,"column":4},"end":{"line":70,"column":34}},"14":{"start":{"line":72,"column":19},"end":{"line":74,"column":15}},"15":{"start":{"line":75,"column":2},"end":{"line":77,"column":null}},"16":{"start":{"line":76,"column":4},"end":{"line":76,"column":57}},"17":{"start":{"line":78,"column":2},"end":{"line":81,"column":null}},"18":{"start":{"line":79,"column":20},"end":{"line":79,"column":56}},"19":{"start":{"line":80,"column":4},"end":{"line":80,"column":78}},"20":{"start":{"line":83,"column":14},"end":{"line":83,"column":60}},"21":{"start":{"line":84,"column":2},"end":{"line":86,"column":null}},"22":{"start":{"line":85,"column":4},"end":{"line":85,"column":25}},"23":{"start":{"line":88,"column":2},"end":{"line":90,"column":null}},"24":{"start":{"line":89,"column":4},"end":{"line":89,"column":76}},"25":{"start":{"line":92,"column":15},"end":{"line":92,"column":16}},"26":{"start":{"line":93,"column":2},"end":{"line":102,"column":null}},"27":{"start":{"line":94,"column":17},"end":{"line":94,"column":56}},"28":{"start":{"line":96,"column":6},"end":{"line":98,"column":39}},"29":{"start":{"line":100,"column":6},"end":{"line":100,"column":79}},"30":{"start":{"line":101,"column":4},"end":{"line":101,"column":72}},"31":{"start":{"line":104,"column":23},"end":{"line":110,"column":null}},"32":{"start":{"line":113,"column":2},"end":{"line":113,"column":51}},"33":{"start":{"line":53,"column":0},"end":{"line":53,"column":16}},"34":{"start":{"line":117,"column":32},"end":{"line":117,"column":53}},"35":{"start":{"line":118,"column":27},"end":{"line":118,"column":50}},"36":{"start":{"line":119,"column":17},"end":{"line":119,"column":19}},"37":{"start":{"line":120,"column":14},"end":{"line":120,"column":15}},"38":{"start":{"line":121,"column":15},"end":{"line":121,"column":38}},"39":{"start":{"line":122,"column":2},"end":{"line":128,"column":null}},"40":{"start":{"line":122,"column":19},"end":{"line":122,"column":35}},"41":{"start":{"line":122,"column":15},"end":{"line":122,"column":19}},"42":{"start":{"line":123,"column":20},"end":{"line":123,"column":33}},"43":{"start":{"line":124,"column":4},"end":{"line":126,"column":null}},"44":{"start":{"line":125,"column":6},"end":{"line":125,"column":77}},"45":{"start":{"line":127,"column":4},"end":{"line":127,"column":12}},"46":{"start":{"line":129,"column":16},"end":{"line":129,"column":48}},"47":{"start":{"line":130,"column":2},"end":{"line":132,"column":null}},"48":{"start":{"line":131,"column":4},"end":{"line":131,"column":21}},"49":{"start":{"line":133,"column":29},"end":{"line":133,"column":54}},"50":{"start":{"line":134,"column":2},"end":{"line":139,"column":null}},"51":{"start":{"line":134,"column":15},"end":{"line":134,"column":16}},"52":{"start":{"line":135,"column":20},"end":{"line":135,"column":48}},"53":{"start":{"line":136,"column":4},"end":{"line":138,"column":null}},"54":{"start":{"line":137,"column":6},"end":{"line":137,"column":65}},"55":{"start":{"line":140,"column":2},"end":{"line":140,"column":16}}},"fnMap":{"0":{"name":"createFromFormat","decl":{"start":{"line":53,"column":16},"end":{"line":53,"column":32}},"loc":{"start":{"line":53,"column":61},"end":{"line":114,"column":1}}},"1":{"name":"createTimeUnitSlice","decl":{"start":{"line":116,"column":9},"end":{"line":116,"column":28}},"loc":{"start":{"line":116,"column":76},"end":{"line":141,"column":1}}}},"branchMap":{"0":{"loc":{"start":{"line":58,"column":21},"end":{"line":58,"column":69}},"type":"cond-expr","locations":[{"start":{"line":58,"column":39},"end":{"line":58,"column":57}},{"start":{"line":58,"column":60},"end":{"line":58,"column":69}}]},"1":{"loc":{"start":{"line":59,"column":2},"end":{"line":71,"column":null}},"type":"if","locations":[{"start":{"line":59,"column":2},"end":{"line":71,"column":null}},{"start":{"line":69,"column":9},"end":{"line":71,"column":null}}]},"2":{"loc":{"start":{"line":62,"column":6},"end":{"line":64,"column":19}},"type":"cond-expr","locations":[{"start":{"line":63,"column":10},"end":{"line":63,"column":41}},{"start":{"line":64,"column":10},"end":{"line":64,"column":19}}]},"3":{"loc":{"start":{"line":62,"column":7},"end":{"line":62,"column":25}},"type":"binary-expr","locations":[{"start":{"line":62,"column":7},"end":{"line":62,"column":19}},{"start":{"line":62,"column":23},"end":{"line":62,"column":25}}]},"4":{"loc":{"start":{"line":63,"column":10},"end":{"line":63,"column":41}},"type":"cond-expr","locations":[{"start":{"line":63,"column":33},"end":{"line":63,"column":35}},{"start":{"line":63,"column":33},"end":{"line":63,"column":41}}]},"5":{"loc":{"start":{"line":63,"column":10},"end":{"line":63,"column":35}},"type":"binary-expr","locations":[{"start":{"line":63,"column":10},"end":{"line":63,"column":35}},{"start":{"line":63,"column":33},"end":{"line":63,"column":35}}]},"6":{"loc":{"start":{"line":63,"column":11},"end":{"line":63,"column":29}},"type":"binary-expr","locations":[{"start":{"line":63,"column":11},"end":{"line":63,"column":23}},{"start":{"line":63,"column":27},"end":{"line":63,"column":29}}]},"7":{"loc":{"start":{"line":66,"column":15},"end":{"line":66,"column":29}},"type":"cond-expr","locations":[{"start":{"line":66,"column":15},"end":{"line":66,"column":23}},{"start":{"line":66,"column":27},"end":{"line":66,"column":29}}]},"8":{"loc":{"start":{"line":66,"column":15},"end":{"line":66,"column":27}},"type":"binary-expr","locations":[{"start":{"line":66,"column":15},"end":{"line":66,"column":27}},{"start":{"line":66,"column":15},"end":{"line":66,"column":27}}]},"9":{"loc":{"start":{"line":67,"column":15},"end":{"line":67,"column":33}},"type":"cond-expr","locations":[{"start":{"line":67,"column":15},"end":{"line":67,"column":27}},{"start":{"line":67,"column":31},"end":{"line":67,"column":33}}]},"10":{"loc":{"start":{"line":67,"column":15},"end":{"line":67,"column":31}},"type":"binary-expr","locations":[{"start":{"line":67,"column":15},"end":{"line":67,"column":31}},{"start":{"line":67,"column":15},"end":{"line":67,"column":31}}]},"11":{"loc":{"start":{"line":72,"column":19},"end":{"line":74,"column":15}},"type":"cond-expr","locations":[{"start":{"line":73,"column":6},"end":{"line":73,"column":19}},{"start":{"line":74,"column":6},"end":{"line":74,"column":15}}]},"12":{"loc":{"start":{"line":75,"column":2},"end":{"line":77,"column":null}},"type":"if","locations":[{"start":{"line":75,"column":2},"end":{"line":77,"column":null}}]},"13":{"loc":{"start":{"line":78,"column":2},"end":{"line":81,"column":null}},"type":"if","locations":[{"start":{"line":78,"column":2},"end":{"line":81,"column":null}}]},"14":{"loc":{"start":{"line":80,"column":16},"end":{"line":80,"column":77}},"type":"cond-expr","locations":[{"start":{"line":80,"column":47},"end":{"line":80,"column":65}},{"start":{"line":80,"column":68},"end":{"line":80,"column":77}}]},"15":{"loc":{"start":{"line":80,"column":17},"end":{"line":80,"column":30}},"type":"binary-expr","locations":[{"start":{"line":80,"column":17},"end":{"line":80,"column":24}},{"start":{"line":80,"column":28},"end":{"line":80,"column":30}}]},"16":{"loc":{"start":{"line":80,"column":48},"end":{"line":80,"column":61}},"type":"binary-expr","locations":[{"start":{"line":80,"column":48},"end":{"line":80,"column":55}},{"start":{"line":80,"column":59},"end":{"line":80,"column":61}}]},"17":{"loc":{"start":{"line":84,"column":2},"end":{"line":86,"column":null}},"type":"if","locations":[{"start":{"line":84,"column":2},"end":{"line":86,"column":null}}]},"18":{"loc":{"start":{"line":84,"column":6},"end":{"line":84,"column":52}},"type":"binary-expr","locations":[{"start":{"line":84,"column":6},"end":{"line":84,"column":34}},{"start":{"line":84,"column":38},"end":{"line":84,"column":52}}]},"19":{"loc":{"start":{"line":88,"column":2},"end":{"line":90,"column":null}},"type":"if","locations":[{"start":{"line":88,"column":2},"end":{"line":90,"column":null}}]},"20":{"loc":{"start":{"line":89,"column":53},"end":{"line":89,"column":67}},"type":"cond-expr","locations":[{"start":{"line":89,"column":53},"end":{"line":89,"column":61}},{"start":{"line":89,"column":65},"end":{"line":89,"column":67}}]},"21":{"loc":{"start":{"line":89,"column":53},"end":{"line":89,"column":65}},"type":"binary-expr","locations":[{"start":{"line":89,"column":53},"end":{"line":89,"column":65}},{"start":{"line":89,"column":53},"end":{"line":89,"column":65}}]},"22":{"loc":{"start":{"line":93,"column":2},"end":{"line":102,"column":null}},"type":"if","locations":[{"start":{"line":93,"column":2},"end":{"line":102,"column":null}}]},"23":{"loc":{"start":{"line":94,"column":17},"end":{"line":94,"column":56}},"type":"cond-expr","locations":[{"start":{"line":94,"column":50},"end":{"line":94,"column":52}},{"start":{"line":94,"column":55},"end":{"line":94,"column":56}}]},"24":{"loc":{"start":{"line":96,"column":6},"end":{"line":98,"column":39}},"type":"cond-expr","locations":[{"start":{"line":97,"column":10},"end":{"line":97,"column":11}},{"start":{"line":98,"column":10},"end":{"line":98,"column":39}}]},"25":{"loc":{"start":{"line":100,"column":6},"end":{"line":100,"column":79}},"type":"cond-expr","locations":[{"start":{"line":100,"column":49},"end":{"line":100,"column":50}},{"start":{"line":100,"column":53},"end":{"line":100,"column":79}}]},"26":{"loc":{"start":{"line":108,"column":4},"end":{"line":108,"column":20}},"type":"cond-expr","locations":[{"start":{"line":108,"column":15},"end":{"line":108,"column":19}},{"start":{"line":108,"column":19},"end":{"line":108,"column":20}}]},"27":{"loc":{"start":{"line":108,"column":4},"end":{"line":108,"column":19}},"type":"binary-expr","locations":[{"start":{"line":108,"column":4},"end":{"line":108,"column":19}},{"start":{"line":108,"column":15},"end":{"line":108,"column":19}}]},"28":{"loc":{"start":{"line":109,"column":4},"end":{"line":109,"column":22}},"type":"cond-expr","locations":[{"start":{"line":109,"column":17},"end":{"line":109,"column":21}},{"start":{"line":109,"column":21},"end":{"line":109,"column":22}}]},"29":{"loc":{"start":{"line":109,"column":4},"end":{"line":109,"column":21}},"type":"binary-expr","locations":[{"start":{"line":109,"column":4},"end":{"line":109,"column":21}},{"start":{"line":109,"column":17},"end":{"line":109,"column":21}}]},"30":{"loc":{"start":{"line":110,"column":4},"end":{"line":110,"column":22}},"type":"cond-expr","locations":[{"start":{"line":110,"column":17},"end":{"line":110,"column":21}},{"start":{"line":110,"column":21},"end":{"line":110,"column":22}}]},"31":{"loc":{"start":{"line":110,"column":4},"end":{"line":110,"column":21}},"type":"binary-expr","locations":[{"start":{"line":110,"column":4},"end":{"line":110,"column":21}},{"start":{"line":110,"column":17},"end":{"line":110,"column":21}}]},"32":{"loc":{"start":{"line":124,"column":4},"end":{"line":126,"column":null}},"type":"if","locations":[{"start":{"line":124,"column":4},"end":{"line":126,"column":null}}]},"33":{"loc":{"start":{"line":125,"column":37},"end":{"line":125,"column":74}},"type":"cond-expr","locations":[{"start":{"line":125,"column":60},"end":{"line":125,"column":62}},{"start":{"line":125,"column":65},"end":{"line":125,"column":74}}]},"34":{"loc":{"start":{"line":130,"column":2},"end":{"line":132,"column":null}},"type":"if","locations":[{"start":{"line":130,"column":2},"end":{"line":132,"column":null}}]},"35":{"loc":{"start":{"line":130,"column":6},"end":{"line":130,"column":52}},"type":"binary-expr","locations":[{"start":{"line":130,"column":6},"end":{"line":130,"column":34}},{"start":{"line":130,"column":38},"end":{"line":130,"column":52}}]},"36":{"loc":{"start":{"line":136,"column":4},"end":{"line":138,"column":null}},"type":"if","locations":[{"start":{"line":136,"column":4},"end":{"line":138,"column":null}}]}},"s":{"0":3,"1":3,"2":3,"3":3,"4":3,"5":3,"6":5,"7":5,"8":5,"9":5,"10":3,"11":3,"12":3,"13":2,"14":5,"15":5,"16":0,"17":5,"18":5,"19":5,"20":5,"21":5,"22":1,"23":4,"24":3,"25":4,"26":4,"27":3,"28":3,"29":3,"30":3,"31":4,"32":4,"33":3,"34":8,"35":8,"36":8,"37":8,"38":8,"39":8,"40":16,"41":24,"42":24,"43":24,"44":24,"45":24,"46":8,"47":8,"48":1,"49":7,"50":7,"51":7,"52":21,"53":21,"54":21,"55":7},"f":{"0":5,"1":8},"b":{"0":[3,2],"1":[3,2],"2":[3,0],"3":[3,0],"4":[0,3],"5":[3,3],"6":[3,0],"7":[3,0],"8":[3,3],"9":[3,0],"10":[3,3],"11":[5,0],"12":[0],"13":[5],"14":[5,0],"15":[5,0],"16":[5,0],"17":[1],"18":[5,4],"19":[3],"20":[3,0],"21":[3,3],"22":[3],"23":[2,1],"24":[1,2],"25":[1,2],"26":[3,1],"27":[4,4],"28":[3,1],"29":[4,4],"30":[3,1],"31":[4,4],"32":[24],"33":[8,16],"34":[1],"35":[8,8],"36":[21]}}
,"/Users/azandrewsidoine/Workspace/code-testing/js/libs/azlabs/js-datetime/src/index.ts": {"path":"/Users/azandrewsidoine/Workspace/code-testing/js/libs/azlabs/js-datetime/src/index.ts","statementMap":{"0":{"start":{"line":1,"column":0},"end":{"line":1,"column":9}},"1":{"start":{"line":1,"column":9},"end":{"line":1,"column":38}},"2":{"start":{"line":2,"column":0},"end":{"line":2,"column":9}},"3":{"start":{"line":2,"column":9},"end":{"line":2,"column":35}},"4":{"start":{"line":3,"column":0},"end":{"line":3,"column":9}},"5":{"start":{"line":3,"column":9},"end":{"line":3,"column":18}},"6":{"start":{"line":3,"column":18},"end":{"line":3,"column":48}}},"fnMap":{"0":{"name":"(anonymous_0)","decl":{"start":{"line":1,"column":9},"end":{"line":1,"column":19}},"loc":{"start":{"line":1,"column":9},"end":{"line":1,"column":38}}},"1":{"name":"(anonymous_1)","decl":{"start":{"line":2,"column":9},"end":{"line":2,"column":15}},"loc":{"start":{"line":2,"column":9},"end":{"line":2,"column":35}}},"2":{"name":"(anonymous_2)","decl":{"start":{"line":3,"column":9},"end":{"line":3,"column":16}},"loc":{"start":{"line":3,"column":9},"end":{"line":3,"column":18}}},"3":{"name":"(anonymous_3)","decl":{"start":{"line":3,"column":18},"end":{"line":3,"column":28}},"loc":{"start":{"line":3,"column":18},"end":{"line":3,"column":48}}}},"branchMap":{},"s":{"0":3,"1":5,"2":3,"3":87,"4":3,"5":4,"6":4},"f":{"0":2,"1":84,"2":1,"3":1},"b":{}}
,"/Users/azandrewsidoine/Workspace/code-testing/js/libs/azlabs/js-datetime/src/js-date.ts": {"path":"/Users/azandrewsidoine/Workspace/code-testing/js/libs/azlabs/js-datetime/src/js-date.ts","statementMap":{"0":{"start":{"line":1,"column":0},"end":{"line":1,"column":null}},"1":{"start":{"line":9,"column":0},"end":{"line":9,"column":54}},"2":{"start":{"line":10,"column":0},"end":{"line":10,"column":39}},"3":{"start":{"line":25,"column":0},"end":{"line":25,"column":13}},"4":{"start":{"line":319,"column":9},"end":{"line":323,"column":null}},"5":{"start":{"line":320,"column":4},"end":{"line":322,"column":6}},"6":{"start":{"line":325,"column":9},"end":{"line":339,"column":null}},"7":{"start":{"line":326,"column":29},"end":{"line":326,"column":69}},"8":{"start":{"line":327,"column":4},"end":{"line":337,"column":null}},"9":{"start":{"line":331,"column":6},"end":{"line":331,"column":42}},"10":{"start":{"line":332,"column":11},"end":{"line":337,"column":null}},"11":{"start":{"line":336,"column":6},"end":{"line":336,"column":32}},"12":{"start":{"line":338,"column":4},"end":{"line":338,"column":25}},"13":{"start":{"line":341,"column":9},"end":{"line":352,"column":null}},"14":{"start":{"line":342,"column":18},"end":{"line":342,"column":37}},"15":{"start":{"line":343,"column":4},"end":{"line":345,"column":null}},"16":{"start":{"line":344,"column":6},"end":{"line":344,"column":19}},"17":{"start":{"line":346,"column":22},"end":{"line":346,"column":37}},"18":{"start":{"line":347,"column":4},"end":{"line":347,"column":28}},"19":{"start":{"line":348,"column":4},"end":{"line":348,"column":34}},"20":{"start":{"line":349,"column":33},"end":{"line":349,"column":48}},"21":{"start":{"line":350,"column":23},"end":{"line":350,"column":55}},"22":{"start":{"line":351,"column":4},"end":{"line":351,"column":53}},"23":{"start":{"line":354,"column":9},"end":{"line":356,"column":null}},"24":{"start":{"line":355,"column":4},"end":{"line":355,"column":35}},"25":{"start":{"line":26,"column":17},"end":{"line":26,"column":43}},"26":{"start":{"line":33,"column":9},"end":{"line":38,"column":4}},"27":{"start":{"line":34,"column":4},"end":{"line":36,"column":null}},"28":{"start":{"line":35,"column":6},"end":{"line":35,"column":31}},"29":{"start":{"line":37,"column":4},"end":{"line":37,"column":26}},"30":{"start":{"line":49,"column":9},"end":{"line":63,"column":4}},"31":{"start":{"line":51,"column":21},"end":{"line":52,"column":13}},"32":{"start":{"line":52,"column":6},"end":{"line":58,"column":27}},"33":{"start":{"line":60,"column":4},"end":{"line":62,"column":24}},"34":{"start":{"line":73,"column":9},"end":{"line":85,"column":4}},"35":{"start":{"line":76,"column":4},"end":{"line":76,"column":null}},"36":{"start":{"line":78,"column":18},"end":{"line":82,"column":null}},"37":{"start":{"line":84,"column":4},"end":{"line":84,"column":46}},"38":{"start":{"line":95,"column":9},"end":{"line":102,"column":4}},"39":{"start":{"line":98,"column":4},"end":{"line":98,"column":null}},"40":{"start":{"line":100,"column":18},"end":{"line":100,"column":75}},"41":{"start":{"line":101,"column":4},"end":{"line":101,"column":46}},"42":{"start":{"line":109,"column":9},"end":{"line":110,"column":59}},"43":{"start":{"line":110,"column":4},"end":{"line":110,"column":59}},"44":{"start":{"line":117,"column":9},"end":{"line":118,"column":58}},"45":{"start":{"line":118,"column":4},"end":{"line":118,"column":58}},"46":{"start":{"line":126,"column":9},"end":{"line":130,"column":4}},"47":{"start":{"line":127,"column":19},"end":{"line":127,"column":39}},"48":{"start":{"line":128,"column":19},"end":{"line":128,"column":39}},"49":{"start":{"line":129,"column":4},"end":{"line":129,"column":51}},"50":{"start":{"line":138,"column":9},"end":{"line":142,"column":4}},"51":{"start":{"line":139,"column":19},"end":{"line":139,"column":39}},"52":{"start":{"line":140,"column":19},"end":{"line":140,"column":39}},"53":{"start":{"line":141,"column":4},"end":{"line":141,"column":51}},"54":{"start":{"line":149,"column":9},"end":{"line":155,"column":4}},"55":{"start":{"line":150,"column":4},"end":{"line":154,"column":6}},"56":{"start":{"line":157,"column":9},"end":{"line":168,"column":4}},"57":{"start":{"line":158,"column":4},"end":{"line":167,"column":null}},"58":{"start":{"line":159,"column":20},"end":{"line":159,"column":39}},"59":{"start":{"line":160,"column":6},"end":{"line":164,"column":8}},"60":{"start":{"line":166,"column":6},"end":{"line":166,"column":19}},"61":{"start":{"line":175,"column":9},"end":{"line":176,"column":35}},"62":{"start":{"line":176,"column":4},"end":{"line":176,"column":35}},"63":{"start":{"line":183,"column":9},"end":{"line":184,"column":38}},"64":{"start":{"line":184,"column":4},"end":{"line":184,"column":38}},"65":{"start":{"line":191,"column":9},"end":{"line":192,"column":33}},"66":{"start":{"line":192,"column":4},"end":{"line":192,"column":33}},"67":{"start":{"line":199,"column":9},"end":{"line":200,"column":34}},"68":{"start":{"line":200,"column":4},"end":{"line":200,"column":34}},"69":{"start":{"line":207,"column":9},"end":{"line":208,"column":35}},"70":{"start":{"line":208,"column":4},"end":{"line":208,"column":35}},"71":{"start":{"line":215,"column":9},"end":{"line":216,"column":37}},"72":{"start":{"line":216,"column":4},"end":{"line":216,"column":37}},"73":{"start":{"line":223,"column":9},"end":{"line":224,"column":37}},"74":{"start":{"line":224,"column":4},"end":{"line":224,"column":37}},"75":{"start":{"line":231,"column":9},"end":{"line":232,"column":42}},"76":{"start":{"line":232,"column":4},"end":{"line":232,"column":42}},"77":{"start":{"line":241,"column":9},"end":{"line":284,"column":4}},"78":{"start":{"line":244,"column":4},"end":{"line":244,"column":null}},"79":{"start":{"line":246,"column":19},"end":{"line":246,"column":39}},"80":{"start":{"line":247,"column":19},"end":{"line":247,"column":39}},"81":{"start":{"line":248,"column":4},"end":{"line":283,"column":null}},"82":{"start":{"line":252,"column":8},"end":{"line":252,"column":59}},"83":{"start":{"line":256,"column":8},"end":{"line":256,"column":48}},"84":{"start":{"line":260,"column":8},"end":{"line":260,"column":69}},"85":{"start":{"line":264,"column":8},"end":{"line":264,"column":68}},"86":{"start":{"line":268,"column":8},"end":{"line":268,"column":69}},"87":{"start":{"line":272,"column":8},"end":{"line":272,"column":71}},"88":{"start":{"line":276,"column":8},"end":{"line":276,"column":71}},"89":{"start":{"line":280,"column":8},"end":{"line":280,"column":54}},"90":{"start":{"line":282,"column":8},"end":{"line":282,"column":54}},"91":{"start":{"line":289,"column":9},"end":{"line":289,"column":37}},"92":{"start":{"line":289,"column":21},"end":{"line":289,"column":37}},"93":{"start":{"line":294,"column":9},"end":{"line":311,"column":4}},"94":{"start":{"line":296,"column":4},"end":{"line":296,"column":null}},"95":{"start":{"line":298,"column":4},"end":{"line":303,"column":null}},"96":{"start":{"line":299,"column":6},"end":{"line":302,"column":8}},"97":{"start":{"line":304,"column":4},"end":{"line":309,"column":null}},"98":{"start":{"line":305,"column":6},"end":{"line":308,"column":8}},"99":{"start":{"line":310,"column":4},"end":{"line":310,"column":59}},"100":{"start":{"line":358,"column":17},"end":{"line":415,"column":4}},"101":{"start":{"line":359,"column":30},"end":{"line":375,"column":5}},"102":{"start":{"line":364,"column":6},"end":{"line":373,"column":null}},"103":{"start":{"line":364,"column":26},"end":{"line":364,"column":30}},"104":{"start":{"line":364,"column":22},"end":{"line":364,"column":26}},"105":{"start":{"line":365,"column":8},"end":{"line":372,"column":null}},"106":{"start":{"line":366,"column":10},"end":{"line":370,"column":13}},"107":{"start":{"line":367,"column":12},"end":{"line":367,"column":40}},"108":{"start":{"line":368,"column":33},"end":{"line":368,"column":62}},"109":{"start":{"line":369,"column":12},"end":{"line":369,"column":49}},"110":{"start":{"line":371,"column":10},"end":{"line":371,"column":16}},"111":{"start":{"line":374,"column":6},"end":{"line":374,"column":19}},"112":{"start":{"line":376,"column":4},"end":{"line":414,"column":28}},"113":{"start":{"line":380,"column":10},"end":{"line":380,"column":null}},"114":{"start":{"line":385,"column":10},"end":{"line":385,"column":null}},"115":{"start":{"line":390,"column":10},"end":{"line":390,"column":null}},"116":{"start":{"line":395,"column":10},"end":{"line":395,"column":null}},"117":{"start":{"line":400,"column":10},"end":{"line":400,"column":null}},"118":{"start":{"line":405,"column":10},"end":{"line":405,"column":null}},"119":{"start":{"line":409,"column":8},"end":{"line":409,"column":69}},"120":{"start":{"line":410,"column":8},"end":{"line":410,"column":21}},"121":{"start":{"line":417,"column":17},"end":{"line":487,"column":4}},"122":{"start":{"line":421,"column":4},"end":{"line":421,"column":null}},"123":{"start":{"line":423,"column":4},"end":{"line":485,"column":null}},"124":{"start":{"line":427,"column":8},"end":{"line":429,"column":59}},"125":{"start":{"line":430,"column":8},"end":{"line":430,"column":14}},"126":{"start":{"line":434,"column":8},"end":{"line":436,"column":53}},"127":{"start":{"line":437,"column":8},"end":{"line":437,"column":14}},"128":{"start":{"line":441,"column":8},"end":{"line":443,"column":55}},"129":{"start":{"line":444,"column":8},"end":{"line":444,"column":14}},"130":{"start":{"line":448,"column":8},"end":{"line":450,"column":51}},"131":{"start":{"line":451,"column":8},"end":{"line":451,"column":14}},"132":{"start":{"line":455,"column":8},"end":{"line":457,"column":53}},"133":{"start":{"line":458,"column":8},"end":{"line":458,"column":14}},"134":{"start":{"line":462,"column":8},"end":{"line":464,"column":57}},"135":{"start":{"line":465,"column":8},"end":{"line":465,"column":14}},"136":{"start":{"line":469,"column":8},"end":{"line":471,"column":57}},"137":{"start":{"line":472,"column":8},"end":{"line":472,"column":14}},"138":{"start":{"line":476,"column":8},"end":{"line":478,"column":67}},"139":{"start":{"line":479,"column":8},"end":{"line":479,"column":14}},"140":{"start":{"line":481,"column":8},"end":{"line":483,"column":67}},"141":{"start":{"line":484,"column":8},"end":{"line":484,"column":14}},"142":{"start":{"line":486,"column":4},"end":{"line":486,"column":17}},"143":{"start":{"line":489,"column":17},"end":{"line":493,"column":64}},"144":{"start":{"line":492,"column":4},"end":{"line":492,"column":null}},"145":{"start":{"line":493,"column":7},"end":{"line":493,"column":64}},"146":{"start":{"line":495,"column":17},"end":{"line":500,"column":4}},"147":{"start":{"line":497,"column":6},"end":{"line":497,"column":73}},"148":{"start":{"line":498,"column":4},"end":{"line":498,"column":31}},"149":{"start":{"line":499,"column":4},"end":{"line":499,"column":18}},"150":{"start":{"line":502,"column":17},"end":{"line":507,"column":4}},"151":{"start":{"line":503,"column":4},"end":{"line":505,"column":null}},"152":{"start":{"line":504,"column":6},"end":{"line":504,"column":28}},"153":{"start":{"line":506,"column":4},"end":{"line":506,"column":42}},"154":{"start":{"line":508,"column":0},"end":{"line":508,"column":null}},"155":{"start":{"line":25,"column":13},"end":{"line":25,"column":19}}},"fnMap":{"0":{"name":"(anonymous_0)","decl":{"start":{"line":25,"column":0},"end":{"line":25,"column":13}},"loc":{"start":{"line":25,"column":0},"end":{"line":25,"column":13}}},"1":{"name":"(anonymous_2)","decl":{"start":{"line":319,"column":2},"end":{"line":319,"column":9}},"loc":{"start":{"line":319,"column":53},"end":{"line":323,"column":3}}},"2":{"name":"(anonymous_3)","decl":{"start":{"line":325,"column":2},"end":{"line":325,"column":9}},"loc":{"start":{"line":325,"column":39},"end":{"line":339,"column":3}}},"3":{"name":"(anonymous_4)","decl":{"start":{"line":341,"column":2},"end":{"line":341,"column":9}},"loc":{"start":{"line":341,"column":44},"end":{"line":352,"column":3}}},"4":{"name":"(anonymous_5)","decl":{"start":{"line":354,"column":2},"end":{"line":354,"column":9}},"loc":{"start":{"line":354,"column":57},"end":{"line":356,"column":3}}},"5":{"name":"(anonymous_6)","decl":{"start":{"line":33,"column":18},"end":{"line":33,"column":19}},"loc":{"start":{"line":33,"column":35},"end":{"line":38,"column":3}}},"6":{"name":"(anonymous_7)","decl":{"start":{"line":49,"column":18},"end":{"line":49,"column":46}},"loc":{"start":{"line":49,"column":72},"end":{"line":63,"column":3}}},"7":{"name":"(anonymous_8)","decl":{"start":{"line":51,"column":21},"end":{"line":51,"column":22}},"loc":{"start":{"line":51,"column":33},"end":{"line":52,"column":13}}},"8":{"name":"(anonymous_9)","decl":{"start":{"line":73,"column":21},"end":{"line":73,"column":null}},"loc":{"start":{"line":76,"column":21},"end":{"line":85,"column":3}}},"9":{"name":"(anonymous_10)","decl":{"start":{"line":95,"column":15},"end":{"line":95,"column":null}},"loc":{"start":{"line":98,"column":21},"end":{"line":102,"column":3}}},"10":{"name":"(anonymous_11)","decl":{"start":{"line":109,"column":18},"end":{"line":109,"column":46}},"loc":{"start":{"line":109,"column":53},"end":{"line":110,"column":10}}},"11":{"name":"(anonymous_12)","decl":{"start":{"line":117,"column":20},"end":{"line":117,"column":48}},"loc":{"start":{"line":117,"column":55},"end":{"line":118,"column":10}}},"12":{"name":"(anonymous_13)","decl":{"start":{"line":126,"column":19},"end":{"line":126,"column":47}},"loc":{"start":{"line":126,"column":65},"end":{"line":130,"column":3}}},"13":{"name":"(anonymous_14)","decl":{"start":{"line":138,"column":20},"end":{"line":138,"column":48}},"loc":{"start":{"line":138,"column":66},"end":{"line":142,"column":3}}},"14":{"name":"(anonymous_15)","decl":{"start":{"line":149,"column":18},"end":{"line":149,"column":19}},"loc":{"start":{"line":149,"column":29},"end":{"line":155,"column":3}}},"15":{"name":"(anonymous_16)","decl":{"start":{"line":157,"column":19},"end":{"line":157,"column":20}},"loc":{"start":{"line":157,"column":29},"end":{"line":168,"column":3}}},"16":{"name":"(anonymous_17)","decl":{"start":{"line":175,"column":20},"end":{"line":175,"column":48}},"loc":{"start":{"line":175,"column":56},"end":{"line":176,"column":10}}},"17":{"name":"(anonymous_18)","decl":{"start":{"line":183,"column":19},"end":{"line":183,"column":47}},"loc":{"start":{"line":183,"column":55},"end":{"line":184,"column":10}}},"18":{"name":"(anonymous_19)","decl":{"start":{"line":191,"column":18},"end":{"line":191,"column":46}},"loc":{"start":{"line":191,"column":54},"end":{"line":192,"column":10}}},"19":{"name":"(anonymous_20)","decl":{"start":{"line":199,"column":19},"end":{"line":199,"column":47}},"loc":{"start":{"line":199,"column":55},"end":{"line":200,"column":10}}},"20":{"name":"(anonymous_21)","decl":{"start":{"line":207,"column":20},"end":{"line":207,"column":48}},"loc":{"start":{"line":207,"column":56},"end":{"line":208,"column":10}}},"21":{"name":"(anonymous_22)","decl":{"start":{"line":215,"column":22},"end":{"line":215,"column":50}},"loc":{"start":{"line":215,"column":58},"end":{"line":216,"column":10}}},"22":{"name":"(anonymous_23)","decl":{"start":{"line":223,"column":22},"end":{"line":223,"column":50}},"loc":{"start":{"line":223,"column":58},"end":{"line":224,"column":10}}},"23":{"name":"(anonymous_24)","decl":{"start":{"line":231,"column":27},"end":{"line":231,"column":55}},"loc":{"start":{"line":231,"column":63},"end":{"line":232,"column":10}}},"24":{"name":"(anonymous_25)","decl":{"start":{"line":241,"column":16},"end":{"line":241,"column":null}},"loc":{"start":{"line":244,"column":27},"end":{"line":284,"column":3}}},"25":{"name":"(anonymous_26)","decl":{"start":{"line":289,"column":15},"end":{"line":289,"column":21}},"loc":{"start":{"line":289,"column":15},"end":{"line":289,"column":27}}},"26":{"name":"(anonymous_27)","decl":{"start":{"line":294,"column":18},"end":{"line":294,"column":null}},"loc":{"start":{"line":296,"column":42},"end":{"line":311,"column":3}}},"27":{"name":"(anonymous_28)","decl":{"start":{"line":358,"column":30},"end":{"line":358,"column":31}},"loc":{"start":{"line":358,"column":58},"end":{"line":415,"column":3}}},"28":{"name":"(anonymous_29)","decl":{"start":{"line":359,"column":30},"end":{"line":359,"column":null}},"loc":{"start":{"line":362,"column":71},"end":{"line":375,"column":5}}},"29":{"name":"(anonymous_30)","decl":{"start":{"line":366,"column":59},"end":{"line":366,"column":64}},"loc":{"start":{"line":366,"column":64},"end":{"line":370,"column":11}}},"30":{"name":"(anonymous_31)","decl":{"start":{"line":379,"column":12},"end":{"line":379,"column":13}},"loc":{"start":{"line":379,"column":60},"end":{"line":380,"column":14}}},"31":{"name":"(anonymous_32)","decl":{"start":{"line":384,"column":12},"end":{"line":384,"column":13}},"loc":{"start":{"line":384,"column":60},"end":{"line":385,"column":14}}},"32":{"name":"(anonymous_33)","decl":{"start":{"line":389,"column":12},"end":{"line":389,"column":13}},"loc":{"start":{"line":389,"column":60},"end":{"line":390,"column":14}}},"33":{"name":"(anonymous_34)","decl":{"start":{"line":394,"column":12},"end":{"line":394,"column":13}},"loc":{"start":{"line":394,"column":60},"end":{"line":395,"column":14}}},"34":{"name":"(anonymous_35)","decl":{"start":{"line":399,"column":12},"end":{"line":399,"column":13}},"loc":{"start":{"line":399,"column":60},"end":{"line":400,"column":14}}},"35":{"name":"(anonymous_36)","decl":{"start":{"line":404,"column":12},"end":{"line":404,"column":13}},"loc":{"start":{"line":404,"column":60},"end":{"line":405,"column":14}}},"36":{"name":"(anonymous_37)","decl":{"start":{"line":408,"column":14},"end":{"line":408,"column":15}},"loc":{"start":{"line":408,"column":29},"end":{"line":411,"column":7}}},"37":{"name":"(anonymous_38)","decl":{"start":{"line":417,"column":36},"end":{"line":417,"column":null}},"loc":{"start":{"line":421,"column":24},"end":{"line":487,"column":3}}},"38":{"name":"(anonymous_39)","decl":{"start":{"line":489,"column":35},"end":{"line":489,"column":null}},"loc":{"start":{"line":492,"column":22},"end":{"line":493,"column":11}}},"39":{"name":"(anonymous_40)","decl":{"start":{"line":495,"column":29},"end":{"line":495,"column":30}},"loc":{"start":{"line":495,"column":54},"end":{"line":500,"column":3}}},"40":{"name":"(anonymous_41)","decl":{"start":{"line":502,"column":37},"end":{"line":502,"column":38}},"loc":{"start":{"line":502,"column":67},"end":{"line":507,"column":3}}}},"branchMap":{"0":{"loc":{"start":{"line":327,"column":4},"end":{"line":337,"column":null}},"type":"if","locations":[{"start":{"line":327,"column":4},"end":{"line":337,"column":null}},{"start":{"line":332,"column":11},"end":{"line":337,"column":null}}]},"1":{"loc":{"start":{"line":328,"column":6},"end":{"line":329,"column":76}},"type":"binary-expr","locations":[{"start":{"line":328,"column":6},"end":{"line":328,"column":30}},{"start":{"line":329,"column":7},"end":{"line":329,"column":35}},{"start":{"line":329,"column":39},"end":{"line":329,"column":75}}]},"2":{"loc":{"start":{"line":332,"column":11},"end":{"line":337,"column":null}},"type":"if","locations":[{"start":{"line":332,"column":11},"end":{"line":337,"column":null}}]},"3":{"loc":{"start":{"line":333,"column":6},"end":{"line":334,"column":44}},"type":"binary-expr","locations":[{"start":{"line":333,"column":6},"end":{"line":333,"column":34}},{"start":{"line":334,"column":6},"end":{"line":334,"column":44}}]},"4":{"loc":{"start":{"line":343,"column":4},"end":{"line":345,"column":null}},"type":"if","locations":[{"start":{"line":343,"column":4},"end":{"line":345,"column":null}}]},"5":{"loc":{"start":{"line":343,"column":8},"end":{"line":343,"column":54}},"type":"binary-expr","locations":[{"start":{"line":343,"column":8},"end":{"line":343,"column":36}},{"start":{"line":343,"column":40},"end":{"line":343,"column":54}}]},"6":{"loc":{"start":{"line":34,"column":4},"end":{"line":36,"column":null}},"type":"if","locations":[{"start":{"line":34,"column":4},"end":{"line":36,"column":null}}]},"7":{"loc":{"start":{"line":52,"column":6},"end":{"line":58,"column":26}},"type":"cond-expr","locations":[{"start":{"line":53,"column":10},"end":{"line":53,"column":20}},{"start":{"line":54,"column":10},"end":{"line":58,"column":26}}]},"8":{"loc":{"start":{"line":52,"column":6},"end":{"line":52,"column":54}},"type":"binary-expr","locations":[{"start":{"line":52,"column":6},"end":{"line":52,"column":35}},{"start":{"line":52,"column":39},"end":{"line":52,"column":54}}]},"9":{"loc":{"start":{"line":54,"column":10},"end":{"line":58,"column":26}},"type":"cond-expr","locations":[{"start":{"line":55,"column":10},"end":{"line":55,"column":26}},{"start":{"line":56,"column":10},"end":{"line":58,"column":26}}]},"10":{"loc":{"start":{"line":56,"column":10},"end":{"line":58,"column":26}},"type":"cond-expr","locations":[{"start":{"line":57,"column":10},"end":{"line":57,"column":36}},{"start":{"line":58,"column":11},"end":{"line":58,"column":26}}]},"11":{"loc":{"start":{"line":60,"column":11},"end":{"line":62,"column":23}},"type":"cond-expr","locations":[{"start":{"line":61,"column":8},"end":{"line":61,"column":47}},{"start":{"line":62,"column":8},"end":{"line":62,"column":23}}]},"12":{"loc":{"start":{"line":76,"column":4},"end":{"line":76,"column":null}},"type":"if","locations":[{"start":{"line":76,"column":4},"end":{"line":76,"column":null}}]},"13":{"loc":{"start":{"line":98,"column":4},"end":{"line":98,"column":null}},"type":"if","locations":[{"start":{"line":98,"column":4},"end":{"line":98,"column":null}}]},"14":{"loc":{"start":{"line":151,"column":6},"end":{"line":153,"column":65}},"type":"binary-expr","locations":[{"start":{"line":151,"column":6},"end":{"line":151,"column":26}},{"start":{"line":152,"column":7},"end":{"line":152,"column":31}},{"start":{"line":153,"column":8},"end":{"line":153,"column":64}}]},"15":{"loc":{"start":{"line":161,"column":8},"end":{"line":163,"column":48}},"type":"binary-expr","locations":[{"start":{"line":161,"column":8},"end":{"line":161,"column":36}},{"start":{"line":162,"column":8},"end":{"line":162,"column":22}},{"start":{"line":163,"column":8},"end":{"line":163,"column":48}}]},"16":{"loc":{"start":{"line":163,"column":8},"end":{"line":163,"column":29}},"type":"cond-expr","locations":[{"start":{"line":163,"column":13},"end":{"line":163,"column":15}},{"start":{"line":163,"column":8},"end":{"line":163,"column":29}}]},"17":{"loc":{"start":{"line":163,"column":8},"end":{"line":163,"column":15}},"type":"binary-expr","locations":[{"start":{"line":163,"column":8},"end":{"line":163,"column":15}},{"start":{"line":163,"column":8},"end":{"line":163,"column":15}}]},"18":{"loc":{"start":{"line":244,"column":4},"end":{"line":244,"column":null}},"type":"if","locations":[{"start":{"line":244,"column":4},"end":{"line":244,"column":null}}]},"19":{"loc":{"start":{"line":248,"column":4},"end":{"line":283,"column":null}},"type":"switch","locations":[{"start":{"line":249,"column":6},"end":{"line":249,"column":18}},{"start":{"line":250,"column":6},"end":{"line":250,"column":19}},{"start":{"line":251,"column":6},"end":{"line":252,"column":59}},{"start":{"line":253,"column":6},"end":{"line":253,"column":19}},{"start":{"line":254,"column":6},"end":{"line":254,"column":20}},{"start":{"line":255,"column":6},"end":{"line":256,"column":48}},{"start":{"line":257,"column":6},"end":{"line":257,"column":18}},{"start":{"line":258,"column":6},"end":{"line":258,"column":19}},{"start":{"line":259,"column":6},"end":{"line":260,"column":69}},{"start":{"line":261,"column":6},"end":{"line":261,"column":17}},{"start":{"line":262,"column":6},"end":{"line":262,"column":18}},{"start":{"line":263,"column":6},"end":{"line":264,"column":68}},{"start":{"line":265,"column":6},"end":{"line":265,"column":18}},{"start":{"line":266,"column":6},"end":{"line":266,"column":19}},{"start":{"line":267,"column":6},"end":{"line":268,"column":69}},{"start":{"line":269,"column":6},"end":{"line":269,"column":20}},{"start":{"line":270,"column":6},"end":{"line":270,"column":21}},{"start":{"line":271,"column":6},"end":{"line":272,"column":71}},{"start":{"line":273,"column":6},"end":{"line":273,"column":20}},{"start":{"line":274,"column":6},"end":{"line":274,"column":21}},{"start":{"line":275,"column":6},"end":{"line":276,"column":71}},{"start":{"line":277,"column":6},"end":{"line":277,"column":25}},{"start":{"line":278,"column":6},"end":{"line":278,"column":26}},{"start":{"line":279,"column":6},"end":{"line":280,"column":54}},{"start":{"line":281,"column":6},"end":{"line":282,"column":54}}]},"20":{"loc":{"start":{"line":296,"column":4},"end":{"line":296,"column":null}},"type":"if","locations":[{"start":{"line":296,"column":4},"end":{"line":296,"column":null}}]},"21":{"loc":{"start":{"line":298,"column":4},"end":{"line":303,"column":null}},"type":"if","locations":[{"start":{"line":298,"column":4},"end":{"line":303,"column":null}}]},"22":{"loc":{"start":{"line":304,"column":4},"end":{"line":309,"column":null}},"type":"if","locations":[{"start":{"line":304,"column":4},"end":{"line":309,"column":null}}]},"23":{"loc":{"start":{"line":365,"column":8},"end":{"line":372,"column":null}},"type":"if","locations":[{"start":{"line":365,"column":8},"end":{"line":372,"column":null}}]},"24":{"loc":{"start":{"line":421,"column":4},"end":{"line":421,"column":null}},"type":"if","locations":[{"start":{"line":421,"column":4},"end":{"line":421,"column":null}}]},"25":{"loc":{"start":{"line":423,"column":4},"end":{"line":485,"column":null}},"type":"switch","locations":[{"start":{"line":424,"column":6},"end":{"line":424,"column":18}},{"start":{"line":425,"column":6},"end":{"line":425,"column":19}},{"start":{"line":426,"column":6},"end":{"line":430,"column":14}},{"start":{"line":431,"column":6},"end":{"line":431,"column":19}},{"start":{"line":432,"column":6},"end":{"line":432,"column":20}},{"start":{"line":433,"column":6},"end":{"line":437,"column":14}},{"start":{"line":438,"column":6},"end":{"line":438,"column":18}},{"start":{"line":439,"column":6},"end":{"line":439,"column":19}},{"start":{"line":440,"column":6},"end":{"line":444,"column":14}},{"start":{"line":445,"column":6},"end":{"line":445,"column":17}},{"start":{"line":446,"column":6},"end":{"line":446,"column":18}},{"start":{"line":447,"column":6},"end":{"line":451,"column":14}},{"start":{"line":452,"column":6},"end":{"line":452,"column":18}},{"start":{"line":453,"column":6},"end":{"line":453,"column":19}},{"start":{"line":454,"column":6},"end":{"line":458,"column":14}},{"start":{"line":459,"column":6},"end":{"line":459,"column":20}},{"start":{"line":460,"column":6},"end":{"line":460,"column":21}},{"start":{"line":461,"column":6},"end":{"line":465,"column":14}},{"start":{"line":466,"column":6},"end":{"line":466,"column":20}},{"start":{"line":467,"column":6},"end":{"line":467,"column":21}},{"start":{"line":468,"column":6},"end":{"line":472,"column":14}},{"start":{"line":473,"column":6},"end":{"line":473,"column":25}},{"start":{"line":474,"column":6},"end":{"line":474,"column":26}},{"start":{"line":475,"column":6},"end":{"line":479,"column":14}},{"start":{"line":480,"column":6},"end":{"line":484,"column":14}}]},"26":{"loc":{"start":{"line":427,"column":8},"end":{"line":429,"column":58}},"type":"cond-expr","locations":[{"start":{"line":428,"column":12},"end":{"line":428,"column":58}},{"start":{"line":429,"column":12},"end":{"line":429,"column":58}}]},"27":{"loc":{"start":{"line":434,"column":8},"end":{"line":436,"column":52}},"type":"cond-expr","locations":[{"start":{"line":435,"column":12},"end":{"line":435,"column":52}},{"start":{"line":436,"column":12},"end":{"line":436,"column":52}}]},"28":{"loc":{"start":{"line":441,"column":8},"end":{"line":443,"column":54}},"type":"cond-expr","locations":[{"start":{"line":442,"column":12},"end":{"line":442,"column":54}},{"start":{"line":443,"column":12},"end":{"line":443,"column":54}}]},"29":{"loc":{"start":{"line":448,"column":8},"end":{"line":450,"column":50}},"type":"cond-expr","locations":[{"start":{"line":449,"column":12},"end":{"line":449,"column":50}},{"start":{"line":450,"column":12},"end":{"line":450,"column":50}}]},"30":{"loc":{"start":{"line":455,"column":8},"end":{"line":457,"column":52}},"type":"cond-expr","locations":[{"start":{"line":456,"column":12},"end":{"line":456,"column":52}},{"start":{"line":457,"column":12},"end":{"line":457,"column":52}}]},"31":{"loc":{"start":{"line":462,"column":8},"end":{"line":464,"column":56}},"type":"cond-expr","locations":[{"start":{"line":463,"column":12},"end":{"line":463,"column":56}},{"start":{"line":464,"column":12},"end":{"line":464,"column":56}}]},"32":{"loc":{"start":{"line":469,"column":8},"end":{"line":471,"column":56}},"type":"cond-expr","locations":[{"start":{"line":470,"column":12},"end":{"line":470,"column":56}},{"start":{"line":471,"column":12},"end":{"line":471,"column":56}}]},"33":{"loc":{"start":{"line":476,"column":8},"end":{"line":478,"column":66}},"type":"cond-expr","locations":[{"start":{"line":477,"column":12},"end":{"line":477,"column":66}},{"start":{"line":478,"column":12},"end":{"line":478,"column":66}}]},"34":{"loc":{"start":{"line":481,"column":8},"end":{"line":483,"column":66}},"type":"cond-expr","locations":[{"start":{"line":482,"column":12},"end":{"line":482,"column":66}},{"start":{"line":483,"column":12},"end":{"line":483,"column":66}}]},"35":{"loc":{"start":{"line":492,"column":4},"end":{"line":492,"column":null}},"type":"if","locations":[{"start":{"line":492,"column":4},"end":{"line":492,"column":null}}]},"36":{"loc":{"start":{"line":503,"column":4},"end":{"line":505,"column":null}},"type":"if","locations":[{"start":{"line":503,"column":4},"end":{"line":505,"column":null}}]}},"s":{"0":3,"1":3,"2":3,"3":3,"4":3,"5":3,"6":3,"7":0,"8":0,"9":0,"10":0,"11":0,"12":0,"13":3,"14":0,"15":0,"16":0,"17":0,"18":0,"19":0,"20":0,"21":0,"22":0,"23":3,"24":0,"25":3,"26":3,"27":1,"28":1,"29":1,"30":3,"31":133,"32":103,"33":133,"34":3,"35":12,"36":6,"37":6,"38":3,"39":14,"40":7,"41":7,"42":3,"43":4,"44":3,"45":2,"46":3,"47":8,"48":8,"49":8,"50":3,"51":10,"52":10,"53":10,"54":3,"55":1,"56":3,"57":2,"58":2,"59":2,"60":0,"61":3,"62":1,"63":3,"64":1,"65":3,"66":1,"67":3,"68":1,"69":3,"70":1,"71":3,"72":1,"73":3,"74":1,"75":3,"76":0,"77":3,"78":8,"79":7,"80":7,"81":7,"82":1,"83":1,"84":0,"85":1,"86":1,"87":1,"88":1,"89":1,"90":0,"91":3,"92":11,"93":3,"94":9,"95":7,"96":1,"97":6,"98":5,"99":1,"100":3,"101":1,"102":6,"103":12,"104":11,"105":11,"106":6,"107":6,"108":6,"109":6,"110":6,"111":6,"112":1,"113":1,"114":1,"115":1,"116":1,"117":1,"118":1,"119":6,"120":6,"121":3,"122":20,"123":13,"124":1,"125":1,"126":1,"127":1,"128":6,"129":6,"130":1,"131":1,"132":1,"133":1,"134":1,"135":1,"136":1,"137":1,"138":1,"139":1,"140":0,"141":0,"142":13,"143":3,"144":12,"145":8,"146":3,"147":1,"148":1,"149":1,"150":3,"151":30,"152":25,"153":5,"154":3,"155":3},"f":{"0":3,"1":3,"2":0,"3":0,"4":0,"5":1,"6":133,"7":103,"8":6,"9":7,"10":4,"11":2,"12":8,"13":10,"14":1,"15":2,"16":1,"17":1,"18":1,"19":1,"20":1,"21":1,"22":1,"23":0,"24":7,"25":11,"26":7,"27":1,"28":6,"29":6,"30":1,"31":1,"32":1,"33":1,"34":1,"35":1,"36":6,"37":13,"38":8,"39":1,"40":30},"b":{"0":[0,0],"1":[0,0,0],"2":[0],"3":[0,0],"4":[0],"5":[0,0],"6":[1],"7":[15,88],"8":[103,88],"9":[0,88],"10":[88,0],"11":[30,103],"12":[6],"13":[7],"14":[1,0,0],"15":[2,2,2],"16":[0,2],"17":[2,2],"18":[1],"19":[0,0,1,0,0,1,0,0,0,0,0,1,0,0,1,0,1,1,0,0,1,0,0,1,0],"20":[2],"21":[1],"22":[5],"23":[6],"24":[7],"25":[0,0,1,0,0,1,0,0,6,0,0,1,0,0,1,0,0,1,0,0,1,0,0,1,0],"26":[0,1],"27":[0,1],"28":[3,3],"29":[0,1],"30":[1,0],"31":[1,0],"32":[1,0],"33":[1,0],"34":[0,0],"35":[4],"36":[25]}}
,"/Users/azandrewsidoine/Workspace/code-testing/js/libs/azlabs/js-datetime/src/months.ts": {"path":"/Users/azandrewsidoine/Workspace/code-testing/js/libs/azlabs/js-datetime/src/months.ts","statementMap":{"0":{"start":{"line":1,"column":0},"end":{"line":1,"column":39}},"1":{"start":{"line":11,"column":26},"end":{"line":14,"column":1}},"2":{"start":{"line":11,"column":42},"end":{"line":11,"column":null}},"3":{"start":{"line":12,"column":17},"end":{"line":12,"column":70}},"4":{"start":{"line":12,"column":49},"end":{"line":12,"column":70}},"5":{"start":{"line":13,"column":2},"end":{"line":13,"column":55}},"6":{"start":{"line":11,"column":13},"end":{"line":11,"column":26}}},"fnMap":{"0":{"name":"(anonymous_0)","decl":{"start":{"line":11,"column":26},"end":{"line":11,"column":27}},"loc":{"start":{"line":11,"column":66},"end":{"line":14,"column":1}}},"1":{"name":"(anonymous_1)","decl":{"start":{"line":12,"column":31},"end":{"line":12,"column":32}},"loc":{"start":{"line":12,"column":44},"end":{"line":12,"column":50}}}},"branchMap":{"0":{"loc":{"start":{"line":11,"column":42},"end":{"line":11,"column":null}},"type":"if","locations":[{"start":{"line":11,"column":42},"end":{"line":11,"column":null}}]},"1":{"loc":{"start":{"line":13,"column":9},"end":{"line":13,"column":54}},"type":"cond-expr","locations":[{"start":{"line":13,"column":31},"end":{"line":13,"column":46}},{"start":{"line":13,"column":49},"end":{"line":13,"column":54}}]}},"s":{"0":3,"1":3,"2":2,"3":2,"4":24,"5":2,"6":3},"f":{"0":2,"1":24},"b":{"0":[0],"1":[1,1]}}
,"/Users/azandrewsidoine/Workspace/code-testing/js/libs/azlabs/js-datetime/src/parse-iso.ts": {"path":"/Users/azandrewsidoine/Workspace/code-testing/js/libs/azlabs/js-datetime/src/parse-iso.ts","statementMap":{"0":{"start":{"line":1,"column":0},"end":{"line":1,"column":null}},"1":{"start":{"line":13,"column":2},"end":{"line":20,"column":null}},"2":{"start":{"line":19,"column":4},"end":{"line":19,"column":15}},"3":{"start":{"line":21,"column":18},"end":{"line":21,"column":32}},"4":{"start":{"line":22,"column":2},"end":{"line":24,"column":null}},"5":{"start":{"line":23,"column":4},"end":{"line":23,"column":19}},"6":{"start":{"line":25,"column":2},"end":{"line":25,"column":64}},"7":{"start":{"line":12,"column":0},"end":{"line":12,"column":16}},"8":{"start":{"line":28,"column":15},"end":{"line":29,"column":5}},"9":{"start":{"line":29,"column":2},"end":{"line":29,"column":63}},"10":{"start":{"line":61,"column":2},"end":{"line":61,"column":26}},"11":{"start":{"line":64,"column":4},"end":{"line":64,"column":74}},"12":{"start":{"line":65,"column":2},"end":{"line":71,"column":null}},"13":{"start":{"line":70,"column":4},"end":{"line":70,"column":63}},"14":{"start":{"line":73,"column":2},"end":{"line":80,"column":null}},"15":{"start":{"line":79,"column":4},"end":{"line":79,"column":25}},"16":{"start":{"line":82,"column":22},"end":{"line":82,"column":47}},"17":{"start":{"line":84,"column":2},"end":{"line":87,"column":null}},"18":{"start":{"line":85,"column":28},"end":{"line":85,"column":73}},"19":{"start":{"line":86,"column":4},"end":{"line":86,"column":75}},"20":{"start":{"line":89,"column":2},"end":{"line":91,"column":null}},"21":{"start":{"line":90,"column":4},"end":{"line":90,"column":25}},"22":{"start":{"line":93,"column":20},"end":{"line":93,"column":34}},"23":{"start":{"line":94,"column":13},"end":{"line":94,"column":14}},"24":{"start":{"line":97,"column":2},"end":{"line":102,"column":null}},"25":{"start":{"line":98,"column":4},"end":{"line":98,"column":39}},"26":{"start":{"line":99,"column":4},"end":{"line":101,"column":null}},"27":{"start":{"line":100,"column":6},"end":{"line":100,"column":27}},"28":{"start":{"line":104,"column":2},"end":{"line":129,"column":null}},"29":{"start":{"line":105,"column":4},"end":{"line":105,"column":49}},"30":{"start":{"line":106,"column":4},"end":{"line":108,"column":null}},"31":{"start":{"line":107,"column":6},"end":{"line":107,"column":27}},"32":{"start":{"line":110,"column":22},"end":{"line":110,"column":48}},"33":{"start":{"line":116,"column":19},"end":{"line":116,"column":30}},"34":{"start":{"line":117,"column":4},"end":{"line":121,"column":6}},"35":{"start":{"line":122,"column":4},"end":{"line":127,"column":6}},"36":{"start":{"line":128,"column":4},"end":{"line":128,"column":18}},"37":{"start":{"line":131,"column":2},"end":{"line":131,"column":45}},"38":{"start":{"line":60,"column":0},"end":{"line":60,"column":16}},"39":{"start":{"line":135,"column":34},"end":{"line":135,"column":36}},"40":{"start":{"line":136,"column":16},"end":{"line":136,"column":60}},"41":{"start":{"line":140,"column":2},"end":{"line":142,"column":null}},"42":{"start":{"line":141,"column":4},"end":{"line":141,"column":23}},"43":{"start":{"line":143,"column":2},"end":{"line":156,"column":null}},"44":{"start":{"line":144,"column":4},"end":{"line":144,"column":26}},"45":{"start":{"line":146,"column":4},"end":{"line":146,"column":32}},"46":{"start":{"line":147,"column":4},"end":{"line":147,"column":26}},"47":{"start":{"line":148,"column":4},"end":{"line":155,"column":null}},"48":{"start":{"line":149,"column":6},"end":{"line":149,"column":73}},"49":{"start":{"line":150,"column":6},"end":{"line":154,"column":8}},"50":{"start":{"line":158,"column":2},"end":{"line":166,"column":null}},"51":{"start":{"line":159,"column":18},"end":{"line":159,"column":52}},"52":{"start":{"line":160,"column":4},"end":{"line":165,"column":null}},"53":{"start":{"line":161,"column":6},"end":{"line":161,"column":58}},"54":{"start":{"line":162,"column":6},"end":{"line":162,"column":38}},"55":{"start":{"line":164,"column":6},"end":{"line":164,"column":36}},"56":{"start":{"line":168,"column":2},"end":{"line":168,"column":21}},"57":{"start":{"line":172,"column":16},"end":{"line":177,"column":null}},"58":{"start":{"line":180,"column":19},"end":{"line":180,"column":42}},"59":{"start":{"line":182,"column":2},"end":{"line":182,"column":58}},"60":{"start":{"line":182,"column":17},"end":{"line":182,"column":58}},"61":{"start":{"line":184,"column":15},"end":{"line":184,"column":57}},"62":{"start":{"line":185,"column":18},"end":{"line":185,"column":60}},"63":{"start":{"line":188,"column":2},"end":{"line":191,"column":4}},"64":{"start":{"line":196,"column":2},"end":{"line":196,"column":42}},"65":{"start":{"line":196,"column":21},"end":{"line":196,"column":42}},"66":{"start":{"line":198,"column":19},"end":{"line":198,"column":47}},"67":{"start":{"line":200,"column":2},"end":{"line":200,"column":38}},"68":{"start":{"line":200,"column":17},"end":{"line":200,"column":38}},"69":{"start":{"line":202,"column":21},"end":{"line":202,"column":34}},"70":{"start":{"line":203,"column":20},"end":{"line":203,"column":46}},"71":{"start":{"line":204,"column":16},"end":{"line":204,"column":46}},"72":{"start":{"line":205,"column":14},"end":{"line":205,"column":40}},"73":{"start":{"line":206,"column":15},"end":{"line":206,"column":41}},"74":{"start":{"line":207,"column":20},"end":{"line":207,"column":50}},"75":{"start":{"line":209,"column":2},"end":{"line":224,"column":null}},"76":{"start":{"line":210,"column":4},"end":{"line":212,"column":null}},"77":{"start":{"line":211,"column":6},"end":{"line":211,"column":27}},"78":{"start":{"line":213,"column":4},"end":{"line":213,"column":51}},"79":{"start":{"line":215,"column":17},"end":{"line":215,"column":28}},"80":{"start":{"line":216,"column":4},"end":{"line":221,"column":null}},"81":{"start":{"line":220,"column":6},"end":{"line":220,"column":27}},"82":{"start":{"line":222,"column":4},"end":{"line":222,"column":63}},"83":{"start":{"line":223,"column":4},"end":{"line":223,"column":16}},"84":{"start":{"line":228,"column":2},"end":{"line":228,"column":37}},"85":{"start":{"line":232,"column":19},"end":{"line":232,"column":47}},"86":{"start":{"line":233,"column":2},"end":{"line":233,"column":28}},"87":{"start":{"line":233,"column":17},"end":{"line":233,"column":28}},"88":{"start":{"line":235,"column":16},"end":{"line":235,"column":42}},"89":{"start":{"line":236,"column":18},"end":{"line":236,"column":44}},"90":{"start":{"line":237,"column":18},"end":{"line":237,"column":44}},"91":{"start":{"line":239,"column":2},"end":{"line":241,"column":null}},"92":{"start":{"line":240,"column":4},"end":{"line":240,"column":15}},"93":{"start":{"line":243,"column":2},"end":{"line":243,"column":76}},"94":{"start":{"line":247,"column":2},"end":{"line":247,"column":61}},"95":{"start":{"line":251,"column":2},"end":{"line":251,"column":39}},"96":{"start":{"line":251,"column":30},"end":{"line":251,"column":39}},"97":{"start":{"line":253,"column":19},"end":{"line":253,"column":55}},"98":{"start":{"line":254,"column":2},"end":{"line":254,"column":26}},"99":{"start":{"line":254,"column":17},"end":{"line":254,"column":26}},"100":{"start":{"line":256,"column":15},"end":{"line":256,"column":43}},"101":{"start":{"line":257,"column":16},"end":{"line":257,"column":37}},"102":{"start":{"line":258,"column":18},"end":{"line":258,"column":61}},"103":{"start":{"line":260,"column":2},"end":{"line":262,"column":null}},"104":{"start":{"line":261,"column":4},"end":{"line":261,"column":15}},"105":{"start":{"line":264,"column":2},"end":{"line":264,"column":68}},"106":{"start":{"line":272,"column":15},"end":{"line":272,"column":26}},"107":{"start":{"line":273,"column":2},"end":{"line":273,"column":41}},"108":{"start":{"line":274,"column":29},"end":{"line":274,"column":50}},"109":{"start":{"line":275,"column":15},"end":{"line":275,"column":60}},"110":{"start":{"line":276,"column":2},"end":{"line":276,"column":44}},"111":{"start":{"line":277,"column":2},"end":{"line":277,"column":14}},"112":{"start":{"line":283,"column":2},"end":{"line":283,"column":66}},"113":{"start":{"line":287,"column":2},"end":{"line":292,"column":4}},"114":{"start":{"line":296,"column":2},"end":{"line":296,"column":76}},"115":{"start":{"line":300,"column":2},"end":{"line":300,"column":57}},"116":{"start":{"line":308,"column":2},"end":{"line":310,"column":null}},"117":{"start":{"line":309,"column":4},"end":{"line":309,"column":42}},"118":{"start":{"line":312,"column":2},"end":{"line":319,"column":4}},"119":{"start":{"line":323,"column":2},"end":{"line":323,"column":39}}},"fnMap":{"0":{"name":"asInt","decl":{"start":{"line":12,"column":16},"end":{"line":12,"column":21}},"loc":{"start":{"line":12,"column":37},"end":{"line":26,"column":1}}},"1":{"name":"(anonymous_1)","decl":{"start":{"line":28,"column":15},"end":{"line":28,"column":16}},"loc":{"start":{"line":28,"column":59},"end":{"line":29,"column":5}}},"2":{"name":"parseISO","decl":{"start":{"line":60,"column":16},"end":{"line":60,"column":24}},"loc":{"start":{"line":60,"column":69},"end":{"line":132,"column":1}}},"3":{"name":"splitDateString","decl":{"start":{"line":134,"column":9},"end":{"line":134,"column":24}},"loc":{"start":{"line":134,"column":43},"end":{"line":169,"column":1}}},"4":{"name":"parseYear","decl":{"start":{"line":171,"column":9},"end":{"line":171,"column":18}},"loc":{"start":{"line":171,"column":63},"end":{"line":192,"column":1}}},"5":{"name":"parseDate","decl":{"start":{"line":194,"column":9},"end":{"line":194,"column":18}},"loc":{"start":{"line":194,"column":51},"end":{"line":225,"column":1}}},"6":{"name":"parseDateUnit","decl":{"start":{"line":227,"column":9},"end":{"line":227,"column":22}},"loc":{"start":{"line":227,"column":36},"end":{"line":229,"column":1}}},"7":{"name":"parseTime","decl":{"start":{"line":231,"column":9},"end":{"line":231,"column":18}},"loc":{"start":{"line":231,"column":37},"end":{"line":244,"column":1}}},"8":{"name":"parseTimeUnit","decl":{"start":{"line":246,"column":9},"end":{"line":246,"column":22}},"loc":{"start":{"line":246,"column":36},"end":{"line":248,"column":1}}},"9":{"name":"parseTimezone","decl":{"start":{"line":250,"column":9},"end":{"line":250,"column":22}},"loc":{"start":{"line":250,"column":45},"end":{"line":265,"column":1}}},"10":{"name":"dayOfISOWeekYear","decl":{"start":{"line":267,"column":9},"end":{"line":267,"column":25}},"loc":{"start":{"line":270,"column":13},"end":{"line":278,"column":1}}},"11":{"name":"isLeapYearIndex","decl":{"start":{"line":282,"column":9},"end":{"line":282,"column":24}},"loc":{"start":{"line":282,"column":37},"end":{"line":284,"column":1}}},"12":{"name":"validateDate","decl":{"start":{"line":286,"column":9},"end":{"line":286,"column":21}},"loc":{"start":{"line":286,"column":63},"end":{"line":293,"column":1}}},"13":{"name":"validateDayOfYearDate","decl":{"start":{"line":295,"column":9},"end":{"line":295,"column":30}},"loc":{"start":{"line":295,"column":62},"end":{"line":297,"column":1}}},"14":{"name":"validateWeekDate","decl":{"start":{"line":299,"column":9},"end":{"line":299,"column":25}},"loc":{"start":{"line":299,"column":66},"end":{"line":301,"column":1}}},"15":{"name":"validateTime","decl":{"start":{"line":303,"column":9},"end":{"line":303,"column":21}},"loc":{"start":{"line":306,"column":17},"end":{"line":320,"column":1}}},"16":{"name":"validateTimezone","decl":{"start":{"line":322,"column":9},"end":{"line":322,"column":25}},"loc":{"start":{"line":322,"column":57},"end":{"line":324,"column":1}}}},"branchMap":{"0":{"loc":{"start":{"line":13,"column":2},"end":{"line":20,"column":null}},"type":"if","locations":[{"start":{"line":13,"column":2},"end":{"line":20,"column":null}}]},"1":{"loc":{"start":{"line":14,"column":4},"end":{"line":17,"column":20}},"type":"binary-expr","locations":[{"start":{"line":14,"column":4},"end":{"line":14,"column":33}},{"start":{"line":15,"column":4},"end":{"line":15,"column":19}},{"start":{"line":16,"column":4},"end":{"line":16,"column":19}},{"start":{"line":17,"column":4},"end":{"line":17,"column":20}}]},"2":{"loc":{"start":{"line":22,"column":2},"end":{"line":24,"column":null}},"type":"if","locations":[{"start":{"line":22,"column":2},"end":{"line":24,"column":null}}]},"3":{"loc":{"start":{"line":25,"column":9},"end":{"line":25,"column":63}},"type":"cond-expr","locations":[{"start":{"line":25,"column":23},"end":{"line":25,"column":41}},{"start":{"line":25,"column":44},"end":{"line":25,"column":63}}]},"4":{"loc":{"start":{"line":61,"column":12},"end":{"line":61,"column":25}},"type":"binary-expr","locations":[{"start":{"line":61,"column":12},"end":{"line":61,"column":19}},{"start":{"line":61,"column":23},"end":{"line":61,"column":25}}]},"5":{"loc":{"start":{"line":64,"column":4},"end":{"line":64,"column":74}},"type":"cond-expr","locations":[{"start":{"line":64,"column":39},"end":{"line":64,"column":40}},{"start":{"line":64,"column":43},"end":{"line":64,"column":74}}]},"6":{"loc":{"start":{"line":65,"column":2},"end":{"line":71,"column":null}},"type":"if","locations":[{"start":{"line":65,"column":2},"end":{"line":71,"column":null}}]},"7":{"loc":{"start":{"line":66,"column":4},"end":{"line":68,"column":26}},"type":"binary-expr","locations":[{"start":{"line":66,"column":4},"end":{"line":66,"column":26}},{"start":{"line":67,"column":4},"end":{"line":67,"column":26}},{"start":{"line":68,"column":4},"end":{"line":68,"column":26}}]},"8":{"loc":{"start":{"line":73,"column":2},"end":{"line":80,"column":null}},"type":"if","locations":[{"start":{"line":73,"column":2},"end":{"line":80,"column":null}}]},"9":{"loc":{"start":{"line":75,"column":6},"end":{"line":76,"column":68}},"type":"binary-expr","locations":[{"start":{"line":75,"column":6},"end":{"line":75,"column":34}},{"start":{"line":76,"column":6},"end":{"line":76,"column":68}}]},"10":{"loc":{"start":{"line":84,"column":2},"end":{"line":87,"column":null}},"type":"if","locations":[{"start":{"line":84,"column":2},"end":{"line":87,"column":null}}]},"11":{"loc":{"start":{"line":89,"column":2},"end":{"line":91,"column":null}},"type":"if","locations":[{"start":{"line":89,"column":2},"end":{"line":91,"column":null}}]},"12":{"loc":{"start":{"line":89,"column":6},"end":{"line":89,"column":36}},"type":"binary-expr","locations":[{"start":{"line":89,"column":6},"end":{"line":89,"column":11}},{"start":{"line":89,"column":15},"end":{"line":89,"column":36}}]},"13":{"loc":{"start":{"line":97,"column":2},"end":{"line":102,"column":null}},"type":"if","locations":[{"start":{"line":97,"column":2},"end":{"line":102,"column":null}}]},"14":{"loc":{"start":{"line":99,"column":4},"end":{"line":101,"column":null}},"type":"if","locations":[{"start":{"line":99,"column":4},"end":{"line":101,"column":null}}]},"15":{"loc":{"start":{"line":104,"column":2},"end":{"line":129,"column":null}},"type":"if","locations":[{"start":{"line":104,"column":2},"end":{"line":129,"column":null}},{"start":{"line":109,"column":9},"end":{"line":129,"column":null}}]},"16":{"loc":{"start":{"line":106,"column":4},"end":{"line":108,"column":null}},"type":"if","locations":[{"start":{"line":106,"column":4},"end":{"line":108,"column":null}}]},"17":{"loc":{"start":{"line":140,"column":2},"end":{"line":142,"column":null}},"type":"if","locations":[{"start":{"line":140,"column":2},"end":{"line":142,"column":null}}]},"18":{"loc":{"start":{"line":143,"column":2},"end":{"line":156,"column":null}},"type":"if","locations":[{"start":{"line":143,"column":2},"end":{"line":156,"column":null}},{"start":{"line":145,"column":9},"end":{"line":156,"column":null}}]},"19":{"loc":{"start":{"line":148,"column":4},"end":{"line":155,"column":null}},"type":"if","locations":[{"start":{"line":148,"column":4},"end":{"line":155,"column":null}}]},"20":{"loc":{"start":{"line":158,"column":2},"end":{"line":166,"column":null}},"type":"if","locations":[{"start":{"line":158,"column":2},"end":{"line":166,"column":null}}]},"21":{"loc":{"start":{"line":160,"column":4},"end":{"line":165,"column":null}},"type":"if","locations":[{"start":{"line":160,"column":4},"end":{"line":165,"column":null}},{"start":{"line":163,"column":11},"end":{"line":165,"column":null}}]},"22":{"loc":{"start":{"line":182,"column":2},"end":{"line":182,"column":58}},"type":"if","locations":[{"start":{"line":182,"column":2},"end":{"line":182,"column":58}}]},"23":{"loc":{"start":{"line":184,"column":15},"end":{"line":184,"column":57}},"type":"cond-expr","locations":[{"start":{"line":184,"column":29},"end":{"line":184,"column":50}},{"start":{"line":184,"column":53},"end":{"line":184,"column":57}}]},"24":{"loc":{"start":{"line":185,"column":18},"end":{"line":185,"column":60}},"type":"cond-expr","locations":[{"start":{"line":185,"column":32},"end":{"line":185,"column":53}},{"start":{"line":185,"column":56},"end":{"line":185,"column":60}}]},"25":{"loc":{"start":{"line":189,"column":10},"end":{"line":189,"column":61}},"type":"cond-expr","locations":[{"start":{"line":189,"column":30},"end":{"line":189,"column":45}},{"start":{"line":189,"column":48},"end":{"line":189,"column":61}}]},"26":{"loc":{"start":{"line":190,"column":38},"end":{"line":190,"column":64}},"type":"binary-expr","locations":[{"start":{"line":190,"column":38},"end":{"line":190,"column":49}},{"start":{"line":190,"column":53},"end":{"line":190,"column":64}}]},"27":{"loc":{"start":{"line":196,"column":2},"end":{"line":196,"column":42}},"type":"if","locations":[{"start":{"line":196,"column":2},"end":{"line":196,"column":42}}]},"28":{"loc":{"start":{"line":200,"column":2},"end":{"line":200,"column":38}},"type":"if","locations":[{"start":{"line":200,"column":2},"end":{"line":200,"column":38}}]},"29":{"loc":{"start":{"line":209,"column":2},"end":{"line":224,"column":null}},"type":"if","locations":[{"start":{"line":209,"column":2},"end":{"line":224,"column":null}},{"start":{"line":214,"column":9},"end":{"line":224,"column":null}}]},"30":{"loc":{"start":{"line":210,"column":4},"end":{"line":212,"column":null}},"type":"if","locations":[{"start":{"line":210,"column":4},"end":{"line":212,"column":null}}]},"31":{"loc":{"start":{"line":216,"column":4},"end":{"line":221,"column":null}},"type":"if","locations":[{"start":{"line":216,"column":4},"end":{"line":221,"column":null}}]},"32":{"loc":{"start":{"line":217,"column":6},"end":{"line":218,"column":45}},"type":"binary-expr","locations":[{"start":{"line":217,"column":6},"end":{"line":217,"column":37}},{"start":{"line":218,"column":6},"end":{"line":218,"column":45}}]},"33":{"loc":{"start":{"line":228,"column":9},"end":{"line":228,"column":36}},"type":"cond-expr","locations":[{"start":{"line":228,"column":17},"end":{"line":228,"column":32}},{"start":{"line":228,"column":35},"end":{"line":228,"column":36}}]},"34":{"loc":{"start":{"line":233,"column":2},"end":{"line":233,"column":28}},"type":"if","locations":[{"start":{"line":233,"column":2},"end":{"line":233,"column":28}}]},"35":{"loc":{"start":{"line":239,"column":2},"end":{"line":241,"column":null}},"type":"if","locations":[{"start":{"line":239,"column":2},"end":{"line":241,"column":null}}]},"36":{"loc":{"start":{"line":247,"column":9},"end":{"line":247,"column":60}},"type":"binary-expr","locations":[{"start":{"line":247,"column":10},"end":{"line":247,"column":15}},{"start":{"line":247,"column":19},"end":{"line":247,"column":54}},{"start":{"line":247,"column":59},"end":{"line":247,"column":60}}]},"37":{"loc":{"start":{"line":251,"column":2},"end":{"line":251,"column":39}},"type":"if","locations":[{"start":{"line":251,"column":2},"end":{"line":251,"column":39}}]},"38":{"loc":{"start":{"line":254,"column":2},"end":{"line":254,"column":26}},"type":"if","locations":[{"start":{"line":254,"column":2},"end":{"line":254,"column":26}}]},"39":{"loc":{"start":{"line":256,"column":15},"end":{"line":256,"column":43}},"type":"cond-expr","locations":[{"start":{"line":256,"column":37},"end":{"line":256,"column":39}},{"start":{"line":256,"column":42},"end":{"line":256,"column":43}}]},"40":{"loc":{"start":{"line":258,"column":18},"end":{"line":258,"column":61}},"type":"binary-expr","locations":[{"start":{"line":258,"column":19},"end":{"line":258,"column":30}},{"start":{"line":258,"column":34},"end":{"line":258,"column":55}},{"start":{"line":258,"column":60},"end":{"line":258,"column":61}}]},"41":{"loc":{"start":{"line":260,"column":2},"end":{"line":262,"column":null}},"type":"if","locations":[{"start":{"line":260,"column":2},"end":{"line":262,"column":null}}]},"42":{"loc":{"start":{"line":274,"column":29},"end":{"line":274,"column":50}},"type":"binary-expr","locations":[{"start":{"line":274,"column":29},"end":{"line":274,"column":45}},{"start":{"line":274,"column":49},"end":{"line":274,"column":50}}]},"43":{"loc":{"start":{"line":283,"column":9},"end":{"line":283,"column":65}},"type":"binary-expr","locations":[{"start":{"line":283,"column":9},"end":{"line":283,"column":25}},{"start":{"line":283,"column":30},"end":{"line":283,"column":44}},{"start":{"line":283,"column":48},"end":{"line":283,"column":64}}]},"44":{"loc":{"start":{"line":288,"column":4},"end":{"line":291,"column":74}},"type":"binary-expr","locations":[{"start":{"line":288,"column":4},"end":{"line":288,"column":14}},{"start":{"line":289,"column":4},"end":{"line":289,"column":15}},{"start":{"line":290,"column":4},"end":{"line":290,"column":13}},{"start":{"line":291,"column":4},"end":{"line":291,"column":74}}]},"45":{"loc":{"start":{"line":291,"column":13},"end":{"line":291,"column":73}},"type":"binary-expr","locations":[{"start":{"line":291,"column":13},"end":{"line":291,"column":36}},{"start":{"line":291,"column":41},"end":{"line":291,"column":72}}]},"46":{"loc":{"start":{"line":291,"column":41},"end":{"line":291,"column":72}},"type":"cond-expr","locations":[{"start":{"line":291,"column":65},"end":{"line":291,"column":67}},{"start":{"line":291,"column":70},"end":{"line":291,"column":72}}]},"47":{"loc":{"start":{"line":296,"column":9},"end":{"line":296,"column":75}},"type":"binary-expr","locations":[{"start":{"line":296,"column":9},"end":{"line":296,"column":23}},{"start":{"line":296,"column":27},"end":{"line":296,"column":75}}]},"48":{"loc":{"start":{"line":296,"column":41},"end":{"line":296,"column":74}},"type":"cond-expr","locations":[{"start":{"line":296,"column":65},"end":{"line":296,"column":68}},{"start":{"line":296,"column":71},"end":{"line":296,"column":74}}]},"49":{"loc":{"start":{"line":300,"column":9},"end":{"line":300,"column":56}},"type":"binary-expr","locations":[{"start":{"line":300,"column":9},"end":{"line":300,"column":18}},{"start":{"line":300,"column":22},"end":{"line":300,"column":32}},{"start":{"line":300,"column":36},"end":{"line":300,"column":44}},{"start":{"line":300,"column":48},"end":{"line":300,"column":56}}]},"50":{"loc":{"start":{"line":308,"column":2},"end":{"line":310,"column":null}},"type":"if","locations":[{"start":{"line":308,"column":2},"end":{"line":310,"column":null}}]},"51":{"loc":{"start":{"line":309,"column":11},"end":{"line":309,"column":41}},"type":"binary-expr","locations":[{"start":{"line":309,"column":11},"end":{"line":309,"column":24}},{"start":{"line":309,"column":28},"end":{"line":309,"column":41}}]},"52":{"loc":{"start":{"line":313,"column":4},"end":{"line":318,"column":14}},"type":"binary-expr","locations":[{"start":{"line":313,"column":4},"end":{"line":313,"column":16}},{"start":{"line":314,"column":4},"end":{"line":314,"column":16}},{"start":{"line":315,"column":4},"end":{"line":315,"column":16}},{"start":{"line":316,"column":4},"end":{"line":316,"column":16}},{"start":{"line":317,"column":4},"end":{"line":317,"column":14}},{"start":{"line":318,"column":4},"end":{"line":318,"column":14}}]},"53":{"loc":{"start":{"line":323,"column":9},"end":{"line":323,"column":38}},"type":"binary-expr","locations":[{"start":{"line":323,"column":9},"end":{"line":323,"column":21}},{"start":{"line":323,"column":25},"end":{"line":323,"column":38}}]}},"s":{"0":4,"1":0,"2":0,"3":0,"4":0,"5":0,"6":0,"7":4,"8":4,"9":0,"10":26,"11":26,"12":26,"13":0,"14":26,"15":0,"16":26,"17":26,"18":24,"19":24,"20":26,"21":2,"22":24,"23":24,"24":24,"25":24,"26":24,"27":0,"28":24,"29":14,"30":14,"31":0,"32":10,"33":10,"34":10,"35":10,"36":10,"37":14,"38":4,"39":26,"40":26,"41":26,"42":2,"43":24,"44":0,"45":24,"46":24,"47":24,"48":0,"49":0,"50":24,"51":24,"52":24,"53":14,"54":14,"55":10,"56":24,"57":24,"58":24,"59":24,"60":0,"61":24,"62":24,"63":24,"64":24,"65":0,"66":24,"67":24,"68":0,"69":24,"70":24,"71":24,"72":24,"73":24,"74":24,"75":24,"76":0,"77":0,"78":0,"79":24,"80":24,"81":0,"82":24,"83":24,"84":120,"85":24,"86":24,"87":0,"88":24,"89":24,"90":24,"91":24,"92":0,"93":24,"94":72,"95":14,"96":13,"97":1,"98":1,"99":0,"100":1,"101":1,"102":1,"103":1,"104":0,"105":1,"106":0,"107":0,"108":0,"109":0,"110":0,"111":0,"112":42,"113":24,"114":24,"115":0,"116":24,"117":0,"118":24,"119":1},"f":{"0":0,"1":0,"2":26,"3":26,"4":24,"5":24,"6":120,"7":24,"8":72,"9":14,"10":0,"11":42,"12":24,"13":24,"14":0,"15":24,"16":1},"b":{"0":[0],"1":[0,0,0,0],"2":[0],"3":[0,0],"4":[26,26],"5":[26,0],"6":[0],"7":[26,0,0],"8":[0],"9":[26,0],"10":[24],"11":[2],"12":[26,24],"13":[24],"14":[0],"15":[14,10],"16":[0],"17":[2],"18":[0,24],"19":[0],"20":[24],"21":[14,10],"22":[0],"23":[24,0],"24":[0,24],"25":[24,0],"26":[24,0],"27":[0],"28":[0],"29":[0,24],"30":[0],"31":[0],"32":[24,24],"33":[48,72],"34":[0],"35":[0],"36":[72,72,51],"37":[13],"38":[0],"39":[1,0],"40":[1,1,1],"41":[0],"42":[0,0],"43":[42,42,0],"44":[24,24,24,24],"45":[24,18],"46":[0,18],"47":[24,24],"48":[0,24],"49":[0,0,0,0],"50":[0],"51":[0,0],"52":[24,24,24,24,24,24],"53":[1,1]}}
,"/Users/azandrewsidoine/Workspace/code-testing/js/libs/azlabs/js-datetime/src/timeago.ts": {"path":"/Users/azandrewsidoine/Workspace/code-testing/js/libs/azlabs/js-datetime/src/timeago.ts","statementMap":{"0":{"start":{"line":1,"column":0},"end":{"line":1,"column":35}},"1":{"start":{"line":18,"column":47},"end":{"line":43,"column":2}},"2":{"start":{"line":45,"column":24},"end":{"line":70,"column":1}},"3":{"start":{"line":46,"column":16},"end":{"line":46,"column":25}},"4":{"start":{"line":47,"column":22},"end":{"line":47,"column":33}},"5":{"start":{"line":48,"column":2},"end":{"line":48,"column":30}},"6":{"start":{"line":49,"column":17},"end":{"line":49,"column":35}},"7":{"start":{"line":50,"column":2},"end":{"line":52,"column":null}},"8":{"start":{"line":51,"column":4},"end":{"line":51,"column":67}},"9":{"start":{"line":53,"column":2},"end":{"line":53,"column":31}},"10":{"start":{"line":54,"column":2},"end":{"line":56,"column":null}},"11":{"start":{"line":55,"column":4},"end":{"line":55,"column":67}},"12":{"start":{"line":57,"column":2},"end":{"line":57,"column":29}},"13":{"start":{"line":58,"column":2},"end":{"line":60,"column":null}},"14":{"start":{"line":59,"column":4},"end":{"line":59,"column":67}},"15":{"start":{"line":61,"column":2},"end":{"line":61,"column":28}},"16":{"start":{"line":62,"column":2},"end":{"line":64,"column":null}},"17":{"start":{"line":63,"column":4},"end":{"line":63,"column":67}},"18":{"start":{"line":65,"column":2},"end":{"line":65,"column":26}},"19":{"start":{"line":66,"column":2},"end":{"line":68,"column":null}},"20":{"start":{"line":67,"column":4},"end":{"line":67,"column":67}},"21":{"start":{"line":69,"column":2},"end":{"line":69,"column":65}},"22":{"start":{"line":72,"column":24},"end":{"line":82,"column":1}},"23":{"start":{"line":77,"column":2},"end":{"line":81,"column":4}},"24":{"start":{"line":78,"column":4},"end":{"line":80,"column":85}},"25":{"start":{"line":88,"column":0},"end":{"line":88,"column":13}},"26":{"start":{"line":90,"column":2},"end":{"line":90,"column":22}},"27":{"start":{"line":90,"column":22},"end":{"line":90,"column":73}},"28":{"start":{"line":90,"column":22},"end":{"line":90,"column":70}},"29":{"start":{"line":99,"column":2},"end":{"line":100,"column":62}},"30":{"start":{"line":100,"column":4},"end":{"line":100,"column":62}},"31":{"start":{"line":101,"column":0},"end":{"line":101,"column":null}},"32":{"start":{"line":88,"column":13},"end":{"line":88,"column":20}},"33":{"start":{"line":110,"column":26},"end":{"line":112,"column":6}},"34":{"start":{"line":111,"column":2},"end":{"line":111,"column":null}},"35":{"start":{"line":112,"column":5},"end":{"line":116,"column":4}},"36":{"start":{"line":113,"column":2},"end":{"line":116,"column":4}},"37":{"start":{"line":110,"column":13},"end":{"line":110,"column":26}}},"fnMap":{"0":{"name":"(anonymous_0)","decl":{"start":{"line":45,"column":24},"end":{"line":45,"column":25}},"loc":{"start":{"line":45,"column":35},"end":{"line":70,"column":1}}},"1":{"name":"(anonymous_1)","decl":{"start":{"line":72,"column":24},"end":{"line":72,"column":null}},"loc":{"start":{"line":75,"column":22},"end":{"line":82,"column":1}}},"2":{"name":"(anonymous_2)","decl":{"start":{"line":77,"column":9},"end":{"line":77,"column":10}},"loc":{"start":{"line":77,"column":57},"end":{"line":81,"column":3}}},"3":{"name":"(anonymous_3)","decl":{"start":{"line":88,"column":0},"end":{"line":88,"column":13}},"loc":{"start":{"line":88,"column":0},"end":{"line":101,"column":null}}},"4":{"name":"TimeAgo","decl":{"start":{"line":90,"column":2},"end":{"line":90,"column":22}},"loc":{"start":{"line":90,"column":70},"end":{"line":90,"column":74}}},"5":{"name":"(anonymous_5)","decl":{"start":{"line":99,"column":11},"end":{"line":99,"column":12}},"loc":{"start":{"line":99,"column":49},"end":{"line":100,"column":62}}},"6":{"name":"(anonymous_6)","decl":{"start":{"line":110,"column":26},"end":{"line":110,"column":null}},"loc":{"start":{"line":111,"column":55},"end":{"line":112,"column":6}}},"7":{"name":"(anonymous_7)","decl":{"start":{"line":112,"column":5},"end":{"line":112,"column":6}},"loc":{"start":{"line":112,"column":45},"end":{"line":113,"column":17}}}},"branchMap":{"0":{"loc":{"start":{"line":50,"column":2},"end":{"line":52,"column":null}},"type":"if","locations":[{"start":{"line":50,"column":2},"end":{"line":52,"column":null}}]},"1":{"loc":{"start":{"line":54,"column":2},"end":{"line":56,"column":null}},"type":"if","locations":[{"start":{"line":54,"column":2},"end":{"line":56,"column":null}}]},"2":{"loc":{"start":{"line":58,"column":2},"end":{"line":60,"column":null}},"type":"if","locations":[{"start":{"line":58,"column":2},"end":{"line":60,"column":null}}]},"3":{"loc":{"start":{"line":62,"column":2},"end":{"line":64,"column":null}},"type":"if","locations":[{"start":{"line":62,"column":2},"end":{"line":64,"column":null}}]},"4":{"loc":{"start":{"line":66,"column":2},"end":{"line":68,"column":null}},"type":"if","locations":[{"start":{"line":66,"column":2},"end":{"line":68,"column":null}}]},"5":{"loc":{"start":{"line":78,"column":11},"end":{"line":80,"column":84}},"type":"cond-expr","locations":[{"start":{"line":79,"column":8},"end":{"line":79,"column":82}},{"start":{"line":80,"column":8},"end":{"line":80,"column":84}}]},"6":{"loc":{"start":{"line":90,"column":22},"end":{"line":90,"column":73}},"type":"if","locations":[{"start":{"line":90,"column":22},"end":{"line":90,"column":73}}]},"7":{"loc":{"start":{"line":100,"column":15},"end":{"line":100,"column":46}},"type":"cond-expr","locations":[{"start":{"line":100,"column":27},"end":{"line":100,"column":31}},{"start":{"line":100,"column":31},"end":{"line":100,"column":46}}]},"8":{"loc":{"start":{"line":100,"column":15},"end":{"line":100,"column":31}},"type":"binary-expr","locations":[{"start":{"line":100,"column":15},"end":{"line":100,"column":31}},{"start":{"line":100,"column":27},"end":{"line":100,"column":31}}]},"9":{"loc":{"start":{"line":111,"column":2},"end":{"line":111,"column":null}},"type":"if","locations":[{"start":{"line":111,"column":2},"end":{"line":111,"column":null}}]},"10":{"loc":{"start":{"line":114,"column":4},"end":{"line":114,"column":35}},"type":"cond-expr","locations":[{"start":{"line":114,"column":4},"end":{"line":114,"column":16}},{"start":{"line":114,"column":20},"end":{"line":114,"column":35}}]},"11":{"loc":{"start":{"line":114,"column":4},"end":{"line":114,"column":20}},"type":"binary-expr","locations":[{"start":{"line":114,"column":4},"end":{"line":114,"column":20}},{"start":{"line":114,"column":4},"end":{"line":114,"column":20}}]},"12":{"loc":{"start":{"line":115,"column":4},"end":{"line":115,"column":21}},"type":"cond-expr","locations":[{"start":{"line":115,"column":4},"end":{"line":115,"column":10}},{"start":{"line":115,"column":14},"end":{"line":115,"column":21}}]},"13":{"loc":{"start":{"line":115,"column":4},"end":{"line":115,"column":14}},"type":"binary-expr","locations":[{"start":{"line":115,"column":4},"end":{"line":115,"column":14}},{"start":{"line":115,"column":4},"end":{"line":115,"column":14}}]}},"s":{"0":3,"1":3,"2":3,"3":2,"4":2,"5":2,"6":2,"7":2,"8":0,"9":2,"10":2,"11":2,"12":0,"13":0,"14":0,"15":0,"16":0,"17":0,"18":0,"19":0,"20":0,"21":0,"22":3,"23":2,"24":2,"25":3,"26":1,"27":2,"28":1,"29":1,"30":1,"31":3,"32":3,"33":3,"34":3,"35":2,"36":2,"37":3},"f":{"0":2,"1":2,"2":2,"3":3,"4":1,"5":1,"6":2,"7":2},"b":{"0":[0],"1":[2],"2":[0],"3":[0],"4":[0],"5":[2,0],"6":[1],"7":[1,0],"8":[1,1],"9":[1],"10":[2,0],"11":[2,2],"12":[2,0],"13":[2,2]}}
,"/Users/azandrewsidoine/Workspace/code-testing/js/libs/azlabs/js-datetime/src/lang/months.ts": {"path":"/Users/azandrewsidoine/Workspace/code-testing/js/libs/azlabs/js-datetime/src/lang/months.ts","statementMap":{"0":{"start":{"line":3,"column":13},"end":{"line":64,"column":2}}},"fnMap":{},"branchMap":{},"s":{"0":3},"f":{},"b":{}}
}
