TN:
SF:src/constants.ts
FNF:0
FNH:0
DA:2,4
DA:4,4
DA:6,4
DA:8,4
DA:10,4
DA:13,4
DA:29,4
DA:68,4
DA:74,4
DA:75,4
DA:76,4
LF:11
LH:11
BRF:0
BRH:0
end_of_record
TN:
SF:src/date-from-format.ts
FN:53,createFromFormat
FN:116,createTimeUnitSlice
FNF:2
FNH:2
FNDA:5,createFromFormat
FNDA:8,createTimeUnitSlice
DA:1,3
DA:4,3
DA:48,3
DA:49,3
DA:50,3
DA:51,3
DA:53,3
DA:56,5
DA:57,5
DA:58,5
DA:59,5
DA:60,3
DA:61,3
DA:65,3
DA:70,2
DA:72,5
DA:75,5
DA:76,0
DA:78,5
DA:79,5
DA:80,5
DA:83,5
DA:84,5
DA:85,1
DA:88,4
DA:89,3
DA:92,4
DA:93,4
DA:94,3
DA:96,3
DA:100,3
DA:101,3
DA:104,4
DA:113,4
DA:117,8
DA:118,8
DA:119,8
DA:120,8
DA:121,8
DA:122,24
DA:123,24
DA:124,24
DA:125,24
DA:127,24
DA:129,8
DA:130,8
DA:131,1
DA:133,7
DA:134,7
DA:135,21
DA:136,21
DA:137,21
DA:140,7
LF:53
LH:52
BRDA:58,0,0,3
BRDA:58,0,1,2
BRDA:59,1,0,3
BRDA:59,1,1,2
BRDA:62,2,0,3
BRDA:62,2,1,0
BRDA:62,3,0,3
BRDA:62,3,1,0
BRDA:63,4,0,0
BRDA:63,4,1,3
BRDA:63,5,0,3
BRDA:63,5,1,3
BRDA:63,6,0,3
BRDA:63,6,1,0
BRDA:66,7,0,3
BRDA:66,7,1,0
BRDA:66,8,0,3
BRDA:66,8,1,3
BRDA:67,9,0,3
BRDA:67,9,1,0
BRDA:67,10,0,3
BRDA:67,10,1,3
BRDA:72,11,0,5
BRDA:72,11,1,0
BRDA:75,12,0,0
BRDA:78,13,0,5
BRDA:80,14,0,5
BRDA:80,14,1,0
BRDA:80,15,0,5
BRDA:80,15,1,0
BRDA:80,16,0,5
BRDA:80,16,1,0
BRDA:84,17,0,1
BRDA:84,18,0,5
BRDA:84,18,1,4
BRDA:88,19,0,3
BRDA:89,20,0,3
BRDA:89,20,1,0
BRDA:89,21,0,3
BRDA:89,21,1,3
BRDA:93,22,0,3
BRDA:94,23,0,2
BRDA:94,23,1,1
BRDA:96,24,0,1
BRDA:96,24,1,2
BRDA:100,25,0,1
BRDA:100,25,1,2
BRDA:108,26,0,3
BRDA:108,26,1,1
BRDA:108,27,0,4
BRDA:108,27,1,4
BRDA:109,28,0,3
BRDA:109,28,1,1
BRDA:109,29,0,4
BRDA:109,29,1,4
BRDA:110,30,0,3
BRDA:110,30,1,1
BRDA:110,31,0,4
BRDA:110,31,1,4
BRDA:124,32,0,24
BRDA:125,33,0,8
BRDA:125,33,1,16
BRDA:130,34,0,1
BRDA:130,35,0,8
BRDA:130,35,1,8
BRDA:136,36,0,21
BRF:66
BRH:54
end_of_record
TN:
SF:src/index.ts
FN:1,(anonymous_0)
FN:2,(anonymous_1)
FN:3,(anonymous_2)
FN:3,(anonymous_3)
FNF:4
FNH:4
FNDA:2,(anonymous_0)
FNDA:84,(anonymous_1)
FNDA:1,(anonymous_2)
FNDA:1,(anonymous_3)
DA:1,5
DA:2,87
DA:3,4
LF:3
LH:3
BRF:0
BRH:0
end_of_record
TN:
SF:src/js-date.ts
FN:25,(anonymous_0)
FN:319,(anonymous_2)
FN:325,(anonymous_3)
FN:341,(anonymous_4)
FN:354,(anonymous_5)
FN:33,(anonymous_6)
FN:49,(anonymous_7)
FN:51,(anonymous_8)
FN:73,(anonymous_9)
FN:95,(anonymous_10)
FN:109,(anonymous_11)
FN:117,(anonymous_12)
FN:126,(anonymous_13)
FN:138,(anonymous_14)
FN:149,(anonymous_15)
FN:157,(anonymous_16)
FN:175,(anonymous_17)
FN:183,(anonymous_18)
FN:191,(anonymous_19)
FN:199,(anonymous_20)
FN:207,(anonymous_21)
FN:215,(anonymous_22)
FN:223,(anonymous_23)
FN:231,(anonymous_24)
FN:241,(anonymous_25)
FN:289,(anonymous_26)
FN:294,(anonymous_27)
FN:358,(anonymous_28)
FN:359,(anonymous_29)
FN:366,(anonymous_30)
FN:379,(anonymous_31)
FN:384,(anonymous_32)
FN:389,(anonymous_33)
FN:394,(anonymous_34)
FN:399,(anonymous_35)
FN:404,(anonymous_36)
FN:408,(anonymous_37)
FN:417,(anonymous_38)
FN:489,(anonymous_39)
FN:495,(anonymous_40)
FN:502,(anonymous_41)
FNF:41
FNH:37
FNDA:3,(anonymous_0)
FNDA:3,(anonymous_2)
FNDA:0,(anonymous_3)
FNDA:0,(anonymous_4)
FNDA:0,(anonymous_5)
FNDA:1,(anonymous_6)
FNDA:133,(anonymous_7)
FNDA:103,(anonymous_8)
FNDA:6,(anonymous_9)
FNDA:7,(anonymous_10)
FNDA:4,(anonymous_11)
FNDA:2,(anonymous_12)
FNDA:8,(anonymous_13)
FNDA:10,(anonymous_14)
FNDA:1,(anonymous_15)
FNDA:2,(anonymous_16)
FNDA:1,(anonymous_17)
FNDA:1,(anonymous_18)
FNDA:1,(anonymous_19)
FNDA:1,(anonymous_20)
FNDA:1,(anonymous_21)
FNDA:1,(anonymous_22)
FNDA:1,(anonymous_23)
FNDA:0,(anonymous_24)
FNDA:7,(anonymous_25)
FNDA:11,(anonymous_26)
FNDA:7,(anonymous_27)
FNDA:1,(anonymous_28)
FNDA:6,(anonymous_29)
FNDA:6,(anonymous_30)
FNDA:1,(anonymous_31)
FNDA:1,(anonymous_32)
FNDA:1,(anonymous_33)
FNDA:1,(anonymous_34)
FNDA:1,(anonymous_35)
FNDA:1,(anonymous_36)
FNDA:6,(anonymous_37)
FNDA:13,(anonymous_38)
FNDA:8,(anonymous_39)
FNDA:1,(anonymous_40)
FNDA:30,(anonymous_41)
DA:1,3
DA:9,3
DA:10,3
DA:25,3
DA:26,3
DA:33,3
DA:34,1
DA:35,1
DA:37,1
DA:49,3
DA:51,133
DA:52,103
DA:60,133
DA:73,3
DA:76,12
DA:78,6
DA:84,6
DA:95,3
DA:98,14
DA:100,7
DA:101,7
DA:109,3
DA:110,4
DA:117,3
DA:118,2
DA:126,3
DA:127,8
DA:128,8
DA:129,8
DA:138,3
DA:139,10
DA:140,10
DA:141,10
DA:149,3
DA:150,1
DA:157,3
DA:158,2
DA:159,2
DA:160,2
DA:166,0
DA:175,3
DA:176,1
DA:183,3
DA:184,1
DA:191,3
DA:192,1
DA:199,3
DA:200,1
DA:207,3
DA:208,1
DA:215,3
DA:216,1
DA:223,3
DA:224,1
DA:231,3
DA:232,0
DA:241,3
DA:244,8
DA:246,7
DA:247,7
DA:248,7
DA:252,1
DA:256,1
DA:260,0
DA:264,1
DA:268,1
DA:272,1
DA:276,1
DA:280,1
DA:282,0
DA:289,11
DA:294,3
DA:296,9
DA:298,7
DA:299,1
DA:304,6
DA:305,5
DA:310,1
DA:319,3
DA:320,3
DA:325,3
DA:326,0
DA:327,0
DA:331,0
DA:332,0
DA:336,0
DA:338,0
DA:341,3
DA:342,0
DA:343,0
DA:344,0
DA:346,0
DA:347,0
DA:348,0
DA:349,0
DA:350,0
DA:351,0
DA:354,3
DA:355,0
DA:358,3
DA:359,1
DA:364,12
DA:365,11
DA:366,6
DA:367,6
DA:368,6
DA:369,6
DA:371,6
DA:374,6
DA:376,1
DA:380,1
DA:385,1
DA:390,1
DA:395,1
DA:400,1
DA:405,1
DA:409,6
DA:410,6
DA:417,3
DA:421,20
DA:423,13
DA:427,1
DA:430,1
DA:434,1
DA:437,1
DA:441,6
DA:444,6
DA:448,1
DA:451,1
DA:455,1
DA:458,1
DA:462,1
DA:465,1
DA:469,1
DA:472,1
DA:476,1
DA:479,1
DA:481,0
DA:484,0
DA:486,13
DA:489,3
DA:492,12
DA:493,8
DA:495,3
DA:497,1
DA:498,1
DA:499,1
DA:502,3
DA:503,30
DA:504,25
DA:506,5
DA:508,3
LF:152
LH:130
BRDA:327,0,0,0
BRDA:327,0,1,0
BRDA:328,1,0,0
BRDA:328,1,1,0
BRDA:328,1,2,0
BRDA:332,2,0,0
BRDA:333,3,0,0
BRDA:333,3,1,0
BRDA:343,4,0,0
BRDA:343,5,0,0
BRDA:343,5,1,0
BRDA:34,6,0,1
BRDA:52,7,0,15
BRDA:52,7,1,88
BRDA:52,8,0,103
BRDA:52,8,1,88
BRDA:54,9,0,0
BRDA:54,9,1,88
BRDA:56,10,0,88
BRDA:56,10,1,0
BRDA:60,11,0,30
BRDA:60,11,1,103
BRDA:76,12,0,6
BRDA:98,13,0,7
BRDA:151,14,0,1
BRDA:151,14,1,0
BRDA:151,14,2,0
BRDA:161,15,0,2
BRDA:161,15,1,2
BRDA:161,15,2,2
BRDA:163,16,0,0
BRDA:163,16,1,2
BRDA:163,17,0,2
BRDA:163,17,1,2
BRDA:244,18,0,1
BRDA:248,19,0,0
BRDA:248,19,1,0
BRDA:248,19,2,1
BRDA:248,19,3,0
BRDA:248,19,4,0
BRDA:248,19,5,1
BRDA:248,19,6,0
BRDA:248,19,7,0
BRDA:248,19,8,0
BRDA:248,19,9,0
BRDA:248,19,10,0
BRDA:248,19,11,1
BRDA:248,19,12,0
BRDA:248,19,13,0
BRDA:248,19,14,1
BRDA:248,19,15,0
BRDA:248,19,16,1
BRDA:248,19,17,1
BRDA:248,19,18,0
BRDA:248,19,19,0
BRDA:248,19,20,1
BRDA:248,19,21,0
BRDA:248,19,22,0
BRDA:248,19,23,1
BRDA:248,19,24,0
BRDA:296,20,0,2
BRDA:298,21,0,1
BRDA:304,22,0,5
BRDA:365,23,0,6
BRDA:421,24,0,7
BRDA:423,25,0,0
BRDA:423,25,1,0
BRDA:423,25,2,1
BRDA:423,25,3,0
BRDA:423,25,4,0
BRDA:423,25,5,1
BRDA:423,25,6,0
BRDA:423,25,7,0
BRDA:423,25,8,6
BRDA:423,25,9,0
BRDA:423,25,10,0
BRDA:423,25,11,1
BRDA:423,25,12,0
BRDA:423,25,13,0
BRDA:423,25,14,1
BRDA:423,25,15,0
BRDA:423,25,16,0
BRDA:423,25,17,1
BRDA:423,25,18,0
BRDA:423,25,19,0
BRDA:423,25,20,1
BRDA:423,25,21,0
BRDA:423,25,22,0
BRDA:423,25,23,1
BRDA:423,25,24,0
BRDA:427,26,0,0
BRDA:427,26,1,1
BRDA:434,27,0,0
BRDA:434,27,1,1
BRDA:441,28,0,3
BRDA:441,28,1,3
BRDA:448,29,0,0
BRDA:448,29,1,1
BRDA:455,30,0,1
BRDA:455,30,1,0
BRDA:462,31,0,1
BRDA:462,31,1,0
BRDA:469,32,0,1
BRDA:469,32,1,0
BRDA:476,33,0,1
BRDA:476,33,1,0
BRDA:481,34,0,0
BRDA:481,34,1,0
BRDA:492,35,0,4
BRDA:503,36,0,25
BRF:110
BRH:51
end_of_record
TN:
SF:src/months.ts
FN:11,(anonymous_0)
FN:12,(anonymous_1)
FNF:2
FNH:2
FNDA:2,(anonymous_0)
FNDA:24,(anonymous_1)
DA:1,3
DA:11,3
DA:12,24
DA:13,2
LF:4
LH:4
BRDA:11,0,0,0
BRDA:13,1,0,1
BRDA:13,1,1,1
BRF:3
BRH:2
end_of_record
TN:
SF:src/parse-iso.ts
FN:12,asInt
FN:28,(anonymous_1)
FN:60,parseISO
FN:134,splitDateString
FN:171,parseYear
FN:194,parseDate
FN:227,parseDateUnit
FN:231,parseTime
FN:246,parseTimeUnit
FN:250,parseTimezone
FN:267,dayOfISOWeekYear
FN:282,isLeapYearIndex
FN:286,validateDate
FN:295,validateDayOfYearDate
FN:299,validateWeekDate
FN:303,validateTime
FN:322,validateTimezone
FNF:17
FNH:13
FNDA:0,asInt
FNDA:0,(anonymous_1)
FNDA:26,parseISO
FNDA:26,splitDateString
FNDA:24,parseYear
FNDA:24,parseDate
FNDA:120,parseDateUnit
FNDA:24,parseTime
FNDA:72,parseTimeUnit
FNDA:14,parseTimezone
FNDA:0,dayOfISOWeekYear
FNDA:42,isLeapYearIndex
FNDA:24,validateDate
FNDA:24,validateDayOfYearDate
FNDA:0,validateWeekDate
FNDA:24,validateTime
FNDA:1,validateTimezone
DA:1,4
DA:12,4
DA:13,0
DA:19,0
DA:21,0
DA:22,0
DA:23,0
DA:25,0
DA:28,4
DA:29,0
DA:60,4
DA:61,26
DA:64,26
DA:65,26
DA:70,0
DA:73,26
DA:79,0
DA:82,26
DA:84,26
DA:85,24
DA:86,24
DA:89,26
DA:90,2
DA:93,24
DA:94,24
DA:97,24
DA:98,24
DA:99,24
DA:100,0
DA:104,24
DA:105,14
DA:106,14
DA:107,0
DA:110,10
DA:116,10
DA:117,10
DA:122,10
DA:128,10
DA:131,14
DA:135,26
DA:136,26
DA:140,26
DA:141,2
DA:143,24
DA:144,0
DA:146,24
DA:147,24
DA:148,24
DA:149,0
DA:150,0
DA:158,24
DA:159,24
DA:160,24
DA:161,14
DA:162,14
DA:164,10
DA:168,24
DA:172,24
DA:180,24
DA:182,24
DA:184,24
DA:185,24
DA:188,24
DA:196,24
DA:198,24
DA:200,24
DA:202,24
DA:203,24
DA:204,24
DA:205,24
DA:206,24
DA:207,24
DA:209,24
DA:210,0
DA:211,0
DA:213,0
DA:215,24
DA:216,24
DA:220,0
DA:222,24
DA:223,24
DA:228,120
DA:232,24
DA:233,24
DA:235,24
DA:236,24
DA:237,24
DA:239,24
DA:240,0
DA:243,24
DA:247,72
DA:251,14
DA:253,1
DA:254,1
DA:256,1
DA:257,1
DA:258,1
DA:260,1
DA:261,0
DA:264,1
DA:272,0
DA:273,0
DA:274,0
DA:275,0
DA:276,0
DA:277,0
DA:283,42
DA:287,24
DA:296,24
DA:300,0
DA:308,24
DA:309,0
DA:312,24
DA:323,1
LF:114
LH:86
BRDA:13,0,0,0
BRDA:14,1,0,0
BRDA:14,1,1,0
BRDA:14,1,2,0
BRDA:14,1,3,0
BRDA:22,2,0,0
BRDA:25,3,0,0
BRDA:25,3,1,0
BRDA:61,4,0,26
BRDA:61,4,1,26
BRDA:64,5,0,26
BRDA:64,5,1,0
BRDA:65,6,0,0
BRDA:66,7,0,26
BRDA:66,7,1,0
BRDA:66,7,2,0
BRDA:73,8,0,0
BRDA:75,9,0,26
BRDA:75,9,1,0
BRDA:84,10,0,24
BRDA:89,11,0,2
BRDA:89,12,0,26
BRDA:89,12,1,24
BRDA:97,13,0,24
BRDA:99,14,0,0
BRDA:104,15,0,14
BRDA:104,15,1,10
BRDA:106,16,0,0
BRDA:140,17,0,2
BRDA:143,18,0,0
BRDA:143,18,1,24
BRDA:148,19,0,0
BRDA:158,20,0,24
BRDA:160,21,0,14
BRDA:160,21,1,10
BRDA:182,22,0,0
BRDA:184,23,0,24
BRDA:184,23,1,0
BRDA:185,24,0,0
BRDA:185,24,1,24
BRDA:189,25,0,24
BRDA:189,25,1,0
BRDA:190,26,0,24
BRDA:190,26,1,0
BRDA:196,27,0,0
BRDA:200,28,0,0
BRDA:209,29,0,0
BRDA:209,29,1,24
BRDA:210,30,0,0
BRDA:216,31,0,0
BRDA:217,32,0,24
BRDA:217,32,1,24
BRDA:228,33,0,48
BRDA:228,33,1,72
BRDA:233,34,0,0
BRDA:239,35,0,0
BRDA:247,36,0,72
BRDA:247,36,1,72
BRDA:247,36,2,51
BRDA:251,37,0,13
BRDA:254,38,0,0
BRDA:256,39,0,1
BRDA:256,39,1,0
BRDA:258,40,0,1
BRDA:258,40,1,1
BRDA:258,40,2,1
BRDA:260,41,0,0
BRDA:274,42,0,0
BRDA:274,42,1,0
BRDA:283,43,0,42
BRDA:283,43,1,42
BRDA:283,43,2,0
BRDA:288,44,0,24
BRDA:288,44,1,24
BRDA:288,44,2,24
BRDA:288,44,3,24
BRDA:291,45,0,24
BRDA:291,45,1,18
BRDA:291,46,0,0
BRDA:291,46,1,18
BRDA:296,47,0,24
BRDA:296,47,1,24
BRDA:296,48,0,0
BRDA:296,48,1,24
BRDA:300,49,0,0
BRDA:300,49,1,0
BRDA:300,49,2,0
BRDA:300,49,3,0
BRDA:308,50,0,0
BRDA:309,51,0,0
BRDA:309,51,1,0
BRDA:313,52,0,24
BRDA:313,52,1,24
BRDA:313,52,2,24
BRDA:313,52,3,24
BRDA:313,52,4,24
BRDA:313,52,5,24
BRDA:323,53,0,1
BRDA:323,53,1,1
BRF:99
BRH:54
end_of_record
TN:
SF:src/timeago.ts
FN:45,(anonymous_0)
FN:72,(anonymous_1)
FN:77,(anonymous_2)
FN:88,(anonymous_3)
FN:90,TimeAgo
FN:99,(anonymous_5)
FN:110,(anonymous_6)
FN:112,(anonymous_7)
FNF:8
FNH:8
FNDA:2,(anonymous_0)
FNDA:2,(anonymous_1)
FNDA:2,(anonymous_2)
FNDA:3,(anonymous_3)
FNDA:1,TimeAgo
FNDA:1,(anonymous_5)
FNDA:2,(anonymous_6)
FNDA:2,(anonymous_7)
DA:1,3
DA:18,3
DA:45,3
DA:46,2
DA:47,2
DA:48,2
DA:49,2
DA:50,2
DA:51,0
DA:53,2
DA:54,2
DA:55,2
DA:57,0
DA:58,0
DA:59,0
DA:61,0
DA:62,0
DA:63,0
DA:65,0
DA:66,0
DA:67,0
DA:69,0
DA:72,3
DA:77,2
DA:78,2
DA:88,3
DA:90,2
DA:99,1
DA:100,1
DA:101,3
DA:110,3
DA:111,3
DA:112,2
DA:113,2
LF:34
LH:23
BRDA:50,0,0,0
BRDA:54,1,0,2
BRDA:58,2,0,0
BRDA:62,3,0,0
BRDA:66,4,0,0
BRDA:78,5,0,2
BRDA:78,5,1,0
BRDA:90,6,0,1
BRDA:100,7,0,1
BRDA:100,7,1,0
BRDA:100,8,0,1
BRDA:100,8,1,1
BRDA:111,9,0,1
BRDA:114,10,0,2
BRDA:114,10,1,0
BRDA:114,11,0,2
BRDA:114,11,1,2
BRDA:115,12,0,2
BRDA:115,12,1,0
BRDA:115,13,0,2
BRDA:115,13,1,2
BRF:21
BRH:13
end_of_record
TN:
SF:src/lang/months.ts
FNF:0
FNH:0
DA:3,3
LF:1
LH:1
BRF:0
BRH:0
end_of_record
